<?xml version="1.0" encoding="UTF-8"?>
<TestRun id="798a250c-e480-ac21-d0a9-689b3455a0e8" name="531621@QJ07307976 2017-09-14T22:56:52" runUser="531621" xmlns="http://microsoft.com/schemas/VisualStudio/TeamTest/2010">
  <TestSettings name="Karma Test Run" id="7b26db25-6935-0275-9db4-f2d0eabc4213"/>
  <Times creation="2017-09-14T22:56:52" queuing="2017-09-14T22:56:52" start="2017-09-14T22:56:52" finish="2017-09-14T22:57:39"/>
  <ResultSummary outcome="Failed">
    <Counters total="90" executed="20" passed="10" error="0" failed="10"/>
  </ResultSummary>
  <TestDefinitions>
    <UnitTest name="PhantomJS 2.1.1 (Windows 8 0.0.0)_should create" id="bba17436-64d8-7965-32a6-0c06403b53bb">
      <Execution id="23083907-5ce8-d623-e852-3311941fab20"/>
      <TestMethod codeBase="CheckboxListComponent.PhantomJS 2.1.1 (Windows 8 0.0.0)_should create" name="PhantomJS 2.1.1 (Windows 8 0.0.0)_should create" className="CheckboxListComponent"/>
    </UnitTest>
    <UnitTest name="PhantomJS 2.1.1 (Windows 8 0.0.0)_should create" id="b86107a4-9f8b-e181-c0bf-249154e4c9c2">
      <Execution id="fb2b3eaa-743d-adbb-2342-d148f467eaaa"/>
      <TestMethod codeBase="CheckboxContainerComponent.PhantomJS 2.1.1 (Windows 8 0.0.0)_should create" name="PhantomJS 2.1.1 (Windows 8 0.0.0)_should create" className="CheckboxContainerComponent"/>
    </UnitTest>
    <UnitTest name="PhantomJS 2.1.1 (Windows 8 0.0.0)_should create" id="8d12c7d5-6f5e-ea4a-8612-4de39d1f75ce">
      <Execution id="6778ec2f-1b72-cce0-ba45-d26a115c7b6f"/>
      <TestMethod codeBase="ConfirmComponent.PhantomJS 2.1.1 (Windows 8 0.0.0)_should create" name="PhantomJS 2.1.1 (Windows 8 0.0.0)_should create" className="ConfirmComponent"/>
    </UnitTest>
    <UnitTest name="PhantomJS 2.1.1 (Windows 8 0.0.0)_should create" id="ff6324eb-5864-bfbb-de11-16960e5a6012">
      <Execution id="954db1d5-8cc5-8915-71d5-50686d90dcb1"/>
      <TestMethod codeBase="FieldContainerComponent.PhantomJS 2.1.1 (Windows 8 0.0.0)_should create" name="PhantomJS 2.1.1 (Windows 8 0.0.0)_should create" className="FieldContainerComponent"/>
    </UnitTest>
    <UnitTest name="PhantomJS 2.1.1 (Windows 8 0.0.0)_should create" id="34cd1649-32b8-64a8-3a5c-fb0003386b94">
      <Execution id="ca9cf2da-432c-6c49-c251-02ea0725f189"/>
      <TestMethod codeBase="HeaderComponent.PhantomJS 2.1.1 (Windows 8 0.0.0)_should create" name="PhantomJS 2.1.1 (Windows 8 0.0.0)_should create" className="HeaderComponent"/>
    </UnitTest>
    <UnitTest name="PhantomJS 2.1.1 (Windows 8 0.0.0)_should create" id="53815701-9cd3-4de9-4d33-6320d3e9b6c8">
      <Execution id="69f8b817-e92b-a2ca-edad-f002e160bd6c"/>
      <TestMethod codeBase="LoadingComponent.PhantomJS 2.1.1 (Windows 8 0.0.0)_should create" name="PhantomJS 2.1.1 (Windows 8 0.0.0)_should create" className="LoadingComponent"/>
    </UnitTest>
    <UnitTest name="PhantomJS 2.1.1 (Windows 8 0.0.0)_should create" id="92033ebd-1a9c-777d-840f-f595509ecba6">
      <Execution id="b5d39b14-8364-3743-52d0-2ed0a4e93da5"/>
      <TestMethod codeBase="NavBarComponent.PhantomJS 2.1.1 (Windows 8 0.0.0)_should create" name="PhantomJS 2.1.1 (Windows 8 0.0.0)_should create" className="NavBarComponent"/>
    </UnitTest>
    <UnitTest name="PhantomJS 2.1.1 (Windows 8 0.0.0)_should create" id="a135525e-4bc3-afb0-64f9-bdbdafb0f495">
      <Execution id="76cd91c9-c0f9-e954-ef17-c1c764aa30ec"/>
      <TestMethod codeBase="RadioContainerComponent.PhantomJS 2.1.1 (Windows 8 0.0.0)_should create" name="PhantomJS 2.1.1 (Windows 8 0.0.0)_should create" className="RadioContainerComponent"/>
    </UnitTest>
    <UnitTest name="PhantomJS 2.1.1 (Windows 8 0.0.0)_Call QueryNoseNumber Success action after Query Nose Numbers" id="eb2fa9ce-1169-103d-c876-50cc2e6b1b7e">
      <Execution id="7486082b-b06a-09c6-5460-501cb4d5fd8e"/>
      <TestMethod codeBase="Alerts Effect.PhantomJS 2.1.1 (Windows 8 0.0.0)_Call QueryNoseNumber Success action after Query Nose Numbers" name="PhantomJS 2.1.1 (Windows 8 0.0.0)_Call QueryNoseNumber Success action after Query Nose Numbers" className="Alerts Effect"/>
    </UnitTest>
    <UnitTest name="PhantomJS 2.1.1 (Windows 8 0.0.0)_Call get Aircraft Info Success action after get Aircraft Info" id="b6d21ff4-1c29-e0b6-5141-789ab9603f52">
      <Execution id="39de8b2f-e886-5d06-c888-1d6ac72d51ac"/>
      <TestMethod codeBase="Alerts Effect.PhantomJS 2.1.1 (Windows 8 0.0.0)_Call get Aircraft Info Success action after get Aircraft Info" name="PhantomJS 2.1.1 (Windows 8 0.0.0)_Call get Aircraft Info Success action after get Aircraft Info" className="Alerts Effect"/>
    </UnitTest>
    <UnitTest name="PhantomJS 2.1.1 (Windows 8 0.0.0)_Call Show Toastr error after any fail actions" id="eece16f5-848c-20c3-57f2-5c41cb2d9970">
      <Execution id="ce3e95e6-460f-f7f3-c59f-d710b40640e9"/>
      <TestMethod codeBase="Alerts Effect.PhantomJS 2.1.1 (Windows 8 0.0.0)_Call Show Toastr error after any fail actions" name="PhantomJS 2.1.1 (Windows 8 0.0.0)_Call Show Toastr error after any fail actions" className="Alerts Effect"/>
    </UnitTest>
    <UnitTest name="PhantomJS 2.1.1 (Windows 8 0.0.0)_SelectedAlert Reducer Initial State" id="df0ee044-40b4-8b26-1749-8b56bde2b05d">
      <Execution id="0b21e49f-61bd-1b76-5f58-eeb5646daab8"/>
      <TestMethod codeBase="selectedAlertReducer.PhantomJS 2.1.1 (Windows 8 0.0.0)_SelectedAlert Reducer Initial State" name="PhantomJS 2.1.1 (Windows 8 0.0.0)_SelectedAlert Reducer Initial State" className="selectedAlertReducer"/>
    </UnitTest>
    <UnitTest name="PhantomJS 2.1.1 (Windows 8 0.0.0)_SelectedAlert Reducer Load Aircraft Info Success" id="3c627e0c-d178-1f05-2a12-a1ff57c2c71f">
      <Execution id="711a37c0-a9dd-0949-aff4-071c103dd6b1"/>
      <TestMethod codeBase="selectedAlertReducer.PhantomJS 2.1.1 (Windows 8 0.0.0)_SelectedAlert Reducer Load Aircraft Info Success" name="PhantomJS 2.1.1 (Windows 8 0.0.0)_SelectedAlert Reducer Load Aircraft Info Success" className="selectedAlertReducer"/>
    </UnitTest>
    <UnitTest name="PhantomJS 2.1.1 (Windows 8 0.0.0)_SelectedAlert Reducer Load Nose Numbers Info Success" id="0d87079e-9ee9-916f-8efa-142e7ee07956">
      <Execution id="a412761f-700f-bcad-a682-06fe40ba887c"/>
      <TestMethod codeBase="selectedAlertReducer.PhantomJS 2.1.1 (Windows 8 0.0.0)_SelectedAlert Reducer Load Nose Numbers Info Success" name="PhantomJS 2.1.1 (Windows 8 0.0.0)_SelectedAlert Reducer Load Nose Numbers Info Success" className="selectedAlertReducer"/>
    </UnitTest>
    <UnitTest name="PhantomJS 2.1.1 (Windows 8 0.0.0)_selectedAlert Reducer Other" id="c3ffe581-101e-6d24-29c7-5475fccd0aef">
      <Execution id="922ac1a8-5a2a-0057-1d46-69c01cb80000"/>
      <TestMethod codeBase="selectedAlertReducer.PhantomJS 2.1.1 (Windows 8 0.0.0)_selectedAlert Reducer Other" name="PhantomJS 2.1.1 (Windows 8 0.0.0)_selectedAlert Reducer Other" className="selectedAlertReducer"/>
    </UnitTest>
    <UnitTest name="PhantomJS 2.1.1 (Windows 8 0.0.0)_should ..." id="917bec3d-8357-e5da-fdc2-6a4705ccbcb7">
      <Execution id="b2ead499-485f-4e08-d74e-5890b005984a"/>
      <TestMethod codeBase="SdaResolverService.PhantomJS 2.1.1 (Windows 8 0.0.0)_should ..." name="PhantomJS 2.1.1 (Windows 8 0.0.0)_should ..." className="SdaResolverService"/>
    </UnitTest>
    <UnitTest name="PhantomJS 2.1.1 (Windows 8 0.0.0)_should create" id="ce901856-5b68-fcad-c388-5ed6570dc95f">
      <Execution id="24d788c5-4651-08a9-f133-cd07ce810d42"/>
      <TestMethod codeBase="AircraftService.PhantomJS 2.1.1 (Windows 8 0.0.0)_should create" name="PhantomJS 2.1.1 (Windows 8 0.0.0)_should create" className="AircraftService"/>
    </UnitTest>
    <UnitTest name="PhantomJS 2.1.1 (Windows 8 0.0.0)_should return an array of NoseNumbers" id="71224642-9ac7-b785-3d91-e0d36e4f3ecf">
      <Execution id="6c8e0766-5135-8e18-52fb-fa54d2a51833"/>
      <TestMethod codeBase="AircraftService.queryNoseNumbers.PhantomJS 2.1.1 (Windows 8 0.0.0)_should return an array of NoseNumbers" name="PhantomJS 2.1.1 (Windows 8 0.0.0)_should return an array of NoseNumbers" className="AircraftService.queryNoseNumbers"/>
    </UnitTest>
    <UnitTest name="PhantomJS 2.1.1 (Windows 8 0.0.0)_should return aircraft information by nose number" id="c5d86824-b5df-59bb-3e87-079b881f9cbf">
      <Execution id="1fe8d0f2-cf06-ed99-cd31-a5a4f1745b3a"/>
      <TestMethod codeBase="AircraftService.getAircraftInfo.PhantomJS 2.1.1 (Windows 8 0.0.0)_should return aircraft information by nose number" name="PhantomJS 2.1.1 (Windows 8 0.0.0)_should return aircraft information by nose number" className="AircraftService.getAircraftInfo"/>
    </UnitTest>
    <UnitTest name="PhantomJS 2.1.1 (Windows 8 0.0.0)_should create" id="2318d590-2fa6-5c55-3cb5-4e7fff68550d">
      <Execution id="57a9239f-2973-ea6c-352b-2da8b3b92d46"/>
      <TestMethod codeBase="AlertCodeService.PhantomJS 2.1.1 (Windows 8 0.0.0)_should create" name="PhantomJS 2.1.1 (Windows 8 0.0.0)_should create" className="AlertCodeService"/>
    </UnitTest>
    <UnitTest name="PhantomJS 2.1.1 (Windows 8 0.0.0)_should return list of Alert codes" id="fedc366e-76c7-5859-4f03-0a38dc487723">
      <Execution id="7fed7ffb-8e11-a884-1bc2-6e9f2479d5f1"/>
      <TestMethod codeBase="AlertCodeService.getAllAlertCodes.PhantomJS 2.1.1 (Windows 8 0.0.0)_should return list of Alert codes" name="PhantomJS 2.1.1 (Windows 8 0.0.0)_should return list of Alert codes" className="AlertCodeService.getAllAlertCodes"/>
    </UnitTest>
    <UnitTest name="PhantomJS 2.1.1 (Windows 8 0.0.0)_should ..." id="19d57444-0501-60b9-ebc7-79fe911f7eed">
      <Execution id="1f6a2811-fc27-b93a-449e-253bd9bcf90f"/>
      <TestMethod codeBase="AppStateService.PhantomJS 2.1.1 (Windows 8 0.0.0)_should ..." name="PhantomJS 2.1.1 (Windows 8 0.0.0)_should ..." className="AppStateService"/>
    </UnitTest>
    <UnitTest name="PhantomJS 2.1.1 (Windows 8 0.0.0)_should construct" id="a1656d2e-9240-0b6a-6f1f-5fdab66e207f">
      <Execution id="c74f8e6a-ec43-ac39-ce80-c50829d6a2b7"/>
      <TestMethod codeBase="ATA Codes Service (Mocked).PhantomJS 2.1.1 (Windows 8 0.0.0)_should construct" name="PhantomJS 2.1.1 (Windows 8 0.0.0)_should construct" className="ATA Codes Service (Mocked)"/>
    </UnitTest>
    <UnitTest name="PhantomJS 2.1.1 (Windows 8 0.0.0)_should return all ATACodes" id="c8b2aa7f-1426-c8f1-aac2-65a7d2b9874a">
      <Execution id="689b685f-d3e3-4985-3aa0-43bc1e698503"/>
      <TestMethod codeBase="ATA Codes Service (Mocked).getATACodes.PhantomJS 2.1.1 (Windows 8 0.0.0)_should return all ATACodes" name="PhantomJS 2.1.1 (Windows 8 0.0.0)_should return all ATACodes" className="ATA Codes Service (Mocked).getATACodes"/>
    </UnitTest>
    <UnitTest name="PhantomJS 2.1.1 (Windows 8 0.0.0)_should ..." id="dc11959d-7e21-68ae-d4f5-d71011e237aa">
      <Execution id="b839d998-a653-79d5-35b6-8312332d638f"/>
      <TestMethod codeBase="AuthGuardService.PhantomJS 2.1.1 (Windows 8 0.0.0)_should ..." name="PhantomJS 2.1.1 (Windows 8 0.0.0)_should ..." className="AuthGuardService"/>
    </UnitTest>
    <UnitTest name="PhantomJS 2.1.1 (Windows 8 0.0.0)_should ..." id="68ea622c-87cf-ccee-40cc-8a882e1ce97b">
      <Execution id="5f10c344-e141-74c9-9d16-22893f759dab"/>
      <TestMethod codeBase="AuthInterceptorService.PhantomJS 2.1.1 (Windows 8 0.0.0)_should ..." name="PhantomJS 2.1.1 (Windows 8 0.0.0)_should ..." className="AuthInterceptorService"/>
    </UnitTest>
    <UnitTest name="PhantomJS 2.1.1 (Windows 8 0.0.0)_should ..." id="b7bbc981-1ece-af51-356f-09842c69892e">
      <Execution id="8c99e28d-8d2d-762c-c0d6-640f72402ac0"/>
      <TestMethod codeBase="AuthService.PhantomJS 2.1.1 (Windows 8 0.0.0)_should ..." name="PhantomJS 2.1.1 (Windows 8 0.0.0)_should ..." className="AuthService"/>
    </UnitTest>
    <UnitTest name="PhantomJS 2.1.1 (Windows 8 0.0.0)_should construct" id="8da97cfc-864d-6b5a-6d4c-a0d180330bb0">
      <Execution id="f393213b-74f7-6b22-a2a6-928a28f24769"/>
      <TestMethod codeBase="CheckTypes Service (Mocked).PhantomJS 2.1.1 (Windows 8 0.0.0)_should construct" name="PhantomJS 2.1.1 (Windows 8 0.0.0)_should construct" className="CheckTypes Service (Mocked)"/>
    </UnitTest>
    <UnitTest name="PhantomJS 2.1.1 (Windows 8 0.0.0)_should return all Check types" id="9dfeb42b-3dcc-23e7-e8a2-a1f937528313">
      <Execution id="0cc81fbc-ca87-8ba4-6c3e-dc0c6b5ef826"/>
      <TestMethod codeBase="CheckTypes Service (Mocked).getAllCheckTypes.PhantomJS 2.1.1 (Windows 8 0.0.0)_should return all Check types" name="PhantomJS 2.1.1 (Windows 8 0.0.0)_should return all Check types" className="CheckTypes Service (Mocked).getAllCheckTypes"/>
    </UnitTest>
    <UnitTest name="PhantomJS 2.1.1 (Windows 8 0.0.0)_should create" id="59d966c5-0733-5d6a-8628-e6b7b725af9c">
      <Execution id="f5d45b41-7e0c-5bf7-ed1c-98d894994ae4"/>
      <TestMethod codeBase="CorrosionLevelsService.PhantomJS 2.1.1 (Windows 8 0.0.0)_should create" name="PhantomJS 2.1.1 (Windows 8 0.0.0)_should create" className="CorrosionLevelsService"/>
    </UnitTest>
    <UnitTest name="PhantomJS 2.1.1 (Windows 8 0.0.0)_should return All Corrosion Levels" id="234855c4-886a-7264-1412-4e4c8f045497">
      <Execution id="a065a956-4d84-d1ff-bde3-dcad48749119"/>
      <TestMethod codeBase="CorrosionLevelsService.getAllCorrosionLevels.PhantomJS 2.1.1 (Windows 8 0.0.0)_should return All Corrosion Levels" name="PhantomJS 2.1.1 (Windows 8 0.0.0)_should return All Corrosion Levels" className="CorrosionLevelsService.getAllCorrosionLevels"/>
    </UnitTest>
    <UnitTest name="PhantomJS 2.1.1 (Windows 8 0.0.0)_should create" id="a97d7391-4379-47bb-0cb0-d47b60369a1d">
      <Execution id="10283e2c-6f82-1f5c-6a9b-9c8f60df7fcd"/>
      <TestMethod codeBase="CorrosionTypeService.PhantomJS 2.1.1 (Windows 8 0.0.0)_should create" name="PhantomJS 2.1.1 (Windows 8 0.0.0)_should create" className="CorrosionTypeService"/>
    </UnitTest>
    <UnitTest name="PhantomJS 2.1.1 (Windows 8 0.0.0)_should return All Corrosion Types" id="54125534-2a6d-9b3e-923f-e15d60f15635">
      <Execution id="2af9abe2-a9e7-0455-563a-e8e3f6370848"/>
      <TestMethod codeBase="CorrosionTypeService.getAllCorrosionTypes.PhantomJS 2.1.1 (Windows 8 0.0.0)_should return All Corrosion Types" name="PhantomJS 2.1.1 (Windows 8 0.0.0)_should return All Corrosion Types" className="CorrosionTypeService.getAllCorrosionTypes"/>
    </UnitTest>
    <UnitTest name="PhantomJS 2.1.1 (Windows 8 0.0.0)_should ..." id="28c3abf2-4cdb-dc98-4c39-eb24ea1110e7">
      <Execution id="2f12f397-5155-225f-a571-1e3026242b18"/>
      <TestMethod codeBase="DamageTypeService.PhantomJS 2.1.1 (Windows 8 0.0.0)_should ..." name="PhantomJS 2.1.1 (Windows 8 0.0.0)_should ..." className="DamageTypeService"/>
    </UnitTest>
    <UnitTest name="PhantomJS 2.1.1 (Windows 8 0.0.0)_should create" id="e0840db9-4966-05f7-180b-328df63a8a92">
      <Execution id="cd664dbe-7582-3961-d430-cb1b4bc04f23"/>
      <TestMethod codeBase="DetectionMethodService.PhantomJS 2.1.1 (Windows 8 0.0.0)_should create" name="PhantomJS 2.1.1 (Windows 8 0.0.0)_should create" className="DetectionMethodService"/>
    </UnitTest>
    <UnitTest name="PhantomJS 2.1.1 (Windows 8 0.0.0)_should return All Departments" id="c44febc3-b86b-50e5-603d-54eed0b9fe82">
      <Execution id="414e79eb-aaed-d638-7391-2ee14af00501"/>
      <TestMethod codeBase="DetectionMethodService.getAllDetectionMethods.PhantomJS 2.1.1 (Windows 8 0.0.0)_should return All Departments" name="PhantomJS 2.1.1 (Windows 8 0.0.0)_should return All Departments" className="DetectionMethodService.getAllDetectionMethods"/>
    </UnitTest>
    <UnitTest name="PhantomJS 2.1.1 (Windows 8 0.0.0)_should ..." id="eca5c439-9003-18aa-e26f-c8589326c7a9">
      <Execution id="08ebe89c-d4ec-f3d6-4ac5-08d5c773d51e"/>
      <TestMethod codeBase="DteStatusService.PhantomJS 2.1.1 (Windows 8 0.0.0)_should ..." name="PhantomJS 2.1.1 (Windows 8 0.0.0)_should ..." className="DteStatusService"/>
    </UnitTest>
    <UnitTest name="PhantomJS 2.1.1 (Windows 8 0.0.0)_should ..." id="c6395b33-bb69-a176-6ea3-e8880817c466">
      <Execution id="acdfc8cc-4b75-93f9-04d9-cb56fe5e4d30"/>
      <TestMethod codeBase="ReasonForChangeService.PhantomJS 2.1.1 (Windows 8 0.0.0)_should ..." name="PhantomJS 2.1.1 (Windows 8 0.0.0)_should ..." className="ReasonForChangeService"/>
    </UnitTest>
    <UnitTest name="PhantomJS 2.1.1 (Windows 8 0.0.0)_should ..." id="0c92080a-3ab8-a1ee-1926-2ded16ca3f84">
      <Execution id="a9c1fafc-426f-ec8f-08f9-f9d4750d5752"/>
      <TestMethod codeBase="RepairDescriptionService.PhantomJS 2.1.1 (Windows 8 0.0.0)_should ..." name="PhantomJS 2.1.1 (Windows 8 0.0.0)_should ..." className="RepairDescriptionService"/>
    </UnitTest>
    <UnitTest name="PhantomJS 2.1.1 (Windows 8 0.0.0)_should ..." id="d30df66f-a190-d8da-f1e4-1a5005d19eaa">
      <Execution id="e6207119-4938-50fa-3096-4ca4699c3fe8"/>
      <TestMethod codeBase="RepairInspectionStatusService.PhantomJS 2.1.1 (Windows 8 0.0.0)_should ..." name="PhantomJS 2.1.1 (Windows 8 0.0.0)_should ..." className="RepairInspectionStatusService"/>
    </UnitTest>
    <UnitTest name="PhantomJS 2.1.1 (Windows 8 0.0.0)_should ..." id="ae35a8c8-c51c-c632-c4e3-f800163cae0a">
      <Execution id="0763af8a-9f44-63ad-718b-188914a96b25"/>
      <TestMethod codeBase="SdaService.PhantomJS 2.1.1 (Windows 8 0.0.0)_should ..." name="PhantomJS 2.1.1 (Windows 8 0.0.0)_should ..." className="SdaService"/>
    </UnitTest>
    <UnitTest name="PhantomJS 2.1.1 (Windows 8 0.0.0)_should create" id="fe4c45a2-8d5d-de74-f601-2a2bf00eee21">
      <Execution id="313774b0-6de8-cd87-22ad-2831e4a79b8d"/>
      <TestMethod codeBase="StationService.PhantomJS 2.1.1 (Windows 8 0.0.0)_should create" name="PhantomJS 2.1.1 (Windows 8 0.0.0)_should create" className="StationService"/>
    </UnitTest>
    <UnitTest name="PhantomJS 2.1.1 (Windows 8 0.0.0)_should return all stations available" id="6feac3db-8df3-3434-b7d7-7f7612d1a30c">
      <Execution id="1a089394-e629-3f2c-61dc-b873b770b269"/>
      <TestMethod codeBase="StationService.getAllStations.PhantomJS 2.1.1 (Windows 8 0.0.0)_should return all stations available" name="PhantomJS 2.1.1 (Windows 8 0.0.0)_should return all stations available" className="StationService.getAllStations"/>
    </UnitTest>
    <UnitTest name="PhantomJS 2.1.1 (Windows 8 0.0.0)_should create" id="54a8c445-885f-af5c-f61f-05a66c9873da">
      <Execution id="2e4544d8-b09d-2215-7916-548cc5ee2681"/>
      <TestMethod codeBase="AlertDetailViewComponent.PhantomJS 2.1.1 (Windows 8 0.0.0)_should create" name="PhantomJS 2.1.1 (Windows 8 0.0.0)_should create" className="AlertDetailViewComponent"/>
    </UnitTest>
    <UnitTest name="PhantomJS 2.1.1 (Windows 8 0.0.0)_should create" id="43efc980-e632-e114-9ea0-0ff79da9f26f">
      <Execution id="ec7ecac3-8157-2974-0c75-b4e510fc8540"/>
      <TestMethod codeBase="AlertDetailComponent.PhantomJS 2.1.1 (Windows 8 0.0.0)_should create" name="PhantomJS 2.1.1 (Windows 8 0.0.0)_should create" className="AlertDetailComponent"/>
    </UnitTest>
    <UnitTest name="PhantomJS 2.1.1 (Windows 8 0.0.0)_should create" id="595778eb-3381-c06a-a9e7-07d3ec6b35df">
      <Execution id="123a5bc3-12e8-60dd-0a07-1330a12520d3"/>
      <TestMethod codeBase="AlertsGridComponent.PhantomJS 2.1.1 (Windows 8 0.0.0)_should create" name="PhantomJS 2.1.1 (Windows 8 0.0.0)_should create" className="AlertsGridComponent"/>
    </UnitTest>
    <UnitTest name="PhantomJS 2.1.1 (Windows 8 0.0.0)_should create" id="de09378c-fc3a-984e-85da-08403311ac42">
      <Execution id="39bc4172-1d10-4e64-7a93-c191d2c6cc36"/>
      <TestMethod codeBase="AlertsSearchComponent.PhantomJS 2.1.1 (Windows 8 0.0.0)_should create" name="PhantomJS 2.1.1 (Windows 8 0.0.0)_should create" className="AlertsSearchComponent"/>
    </UnitTest>
    <UnitTest name="PhantomJS 2.1.1 (Windows 8 0.0.0)_should create" id="96d3f71d-09e7-d2f1-222a-6b4c61740804">
      <Execution id="58d33817-2474-c26e-a0f8-74d6b0556fcf"/>
      <TestMethod codeBase="AlertsComponent.PhantomJS 2.1.1 (Windows 8 0.0.0)_should create" name="PhantomJS 2.1.1 (Windows 8 0.0.0)_should create" className="AlertsComponent"/>
    </UnitTest>
    <UnitTest name="PhantomJS 2.1.1 (Windows 8 0.0.0)_should create the app" id="7dc9c47a-b986-5e8f-01b9-713e746ee6e8">
      <Execution id="afecbdc9-ad27-11b8-878e-ba6983333d5f"/>
      <TestMethod codeBase="AppComponent.PhantomJS 2.1.1 (Windows 8 0.0.0)_should create the app" name="PhantomJS 2.1.1 (Windows 8 0.0.0)_should create the app" className="AppComponent"/>
    </UnitTest>
    <UnitTest name="PhantomJS 2.1.1 (Windows 8 0.0.0)_should have as title &apos;app works!&apos;" id="86ff77dd-424d-595f-ec00-21cf09e85ec1">
      <Execution id="0135da1f-ef07-bc30-bc05-36df7180a40c"/>
      <TestMethod codeBase="AppComponent.PhantomJS 2.1.1 (Windows 8 0.0.0)_should have as title &apos;app works!&apos;" name="PhantomJS 2.1.1 (Windows 8 0.0.0)_should have as title &apos;app works!&apos;" className="AppComponent"/>
    </UnitTest>
    <UnitTest name="PhantomJS 2.1.1 (Windows 8 0.0.0)_should render title in a h1 tag" id="7ccef520-0107-883b-8b66-ba876925c439">
      <Execution id="7685cf79-119d-ce8f-a196-fec726e11ddc"/>
      <TestMethod codeBase="AppComponent.PhantomJS 2.1.1 (Windows 8 0.0.0)_should render title in a h1 tag" name="PhantomJS 2.1.1 (Windows 8 0.0.0)_should render title in a h1 tag" className="AppComponent"/>
    </UnitTest>
    <UnitTest name="PhantomJS 2.1.1 (Windows 8 0.0.0)_should create" id="f5213762-b743-9325-fa55-acb5786ead02">
      <Execution id="8de2bf1e-637b-f309-c77c-6708b0ea3126"/>
      <TestMethod codeBase="CpcpDispositionSectionComponent.PhantomJS 2.1.1 (Windows 8 0.0.0)_should create" name="PhantomJS 2.1.1 (Windows 8 0.0.0)_should create" className="CpcpDispositionSectionComponent"/>
    </UnitTest>
    <UnitTest name="PhantomJS 2.1.1 (Windows 8 0.0.0)_should create" id="3784b95d-c140-7b38-f4e1-fca2d3bc4885">
      <Execution id="7ddb4738-d9fe-ac5b-dbc9-665252529988"/>
      <TestMethod codeBase="CpcpTaskDescriptionComponent.PhantomJS 2.1.1 (Windows 8 0.0.0)_should create" name="PhantomJS 2.1.1 (Windows 8 0.0.0)_should create" className="CpcpTaskDescriptionComponent"/>
    </UnitTest>
    <UnitTest name="PhantomJS 2.1.1 (Windows 8 0.0.0)_should create" id="6a803544-dca7-3d9c-5c7c-9ca3b89a3dfd">
      <Execution id="7c406ea5-de82-cb40-d946-77bec807d9f6"/>
      <TestMethod codeBase="CauseOfDamageDescriptionComponent.PhantomJS 2.1.1 (Windows 8 0.0.0)_should create" name="PhantomJS 2.1.1 (Windows 8 0.0.0)_should create" className="CauseOfDamageDescriptionComponent"/>
    </UnitTest>
    <UnitTest name="PhantomJS 2.1.1 (Windows 8 0.0.0)_should create" id="9aa8bb95-d126-0c00-f365-fc913d570554">
      <Execution id="5ad6f74d-2d81-358c-9b20-55825a86033e"/>
      <TestMethod codeBase="CauseOfDamageDescriptionComponent.PhantomJS 2.1.1 (Windows 8 0.0.0)_should create" name="PhantomJS 2.1.1 (Windows 8 0.0.0)_should create" className="CauseOfDamageDescriptionComponent"/>
    </UnitTest>
    <UnitTest name="PhantomJS 2.1.1 (Windows 8 0.0.0)_should create" id="d56f0e34-adfa-ebf9-8829-3b586cf76e62">
      <Execution id="1f491586-2237-b443-920e-174c9391b4b9"/>
      <TestMethod codeBase="CpcpSectionComponent.PhantomJS 2.1.1 (Windows 8 0.0.0)_should create" name="PhantomJS 2.1.1 (Windows 8 0.0.0)_should create" className="CpcpSectionComponent"/>
    </UnitTest>
    <UnitTest name="PhantomJS 2.1.1 (Windows 8 0.0.0)_should create" id="b3666e11-24d3-3e85-fd94-c912ef5cdcbd">
      <Execution id="217ab014-d7a3-a202-3919-4f47ece72e8c"/>
      <TestMethod codeBase="CurrentStatusSectionComponent.PhantomJS 2.1.1 (Windows 8 0.0.0)_should create" name="PhantomJS 2.1.1 (Windows 8 0.0.0)_should create" className="CurrentStatusSectionComponent"/>
    </UnitTest>
    <UnitTest name="PhantomJS 2.1.1 (Windows 8 0.0.0)_should create" id="743271a2-933f-2cd2-00af-d71cf00bfb83">
      <Execution id="2bfc46ce-60e6-5e24-8027-d0e99ba227f4"/>
      <TestMethod codeBase="DamageToleranceEvaluationComponent.PhantomJS 2.1.1 (Windows 8 0.0.0)_should create" name="PhantomJS 2.1.1 (Windows 8 0.0.0)_should create" className="DamageToleranceEvaluationComponent"/>
    </UnitTest>
    <UnitTest name="PhantomJS 2.1.1 (Windows 8 0.0.0)_should create" id="6f07f30f-0818-e8f1-e93e-fa87d12c6376">
      <Execution id="076f760f-75e9-eca8-f187-942738debc84"/>
      <TestMethod codeBase="DefectLocationSectionFormComponent.PhantomJS 2.1.1 (Windows 8 0.0.0)_should create" name="PhantomJS 2.1.1 (Windows 8 0.0.0)_should create" className="DefectLocationSectionFormComponent"/>
    </UnitTest>
    <UnitTest name="PhantomJS 2.1.1 (Windows 8 0.0.0)_should create" id="773fe3df-7f8d-2943-43b5-1f8e9684c591">
      <Execution id="6edc9fde-0845-3859-5df6-1c2b13224047"/>
      <TestMethod codeBase="PreciseLocationGroupComponent.PhantomJS 2.1.1 (Windows 8 0.0.0)_should create" name="PhantomJS 2.1.1 (Windows 8 0.0.0)_should create" className="PreciseLocationGroupComponent"/>
    </UnitTest>
    <UnitTest name="PhantomJS 2.1.1 (Windows 8 0.0.0)_should create" id="ff3086b0-3f7b-d138-12e8-8ff5c29ee1c5">
      <Execution id="3b6cbc3f-5ac9-c199-c429-46cc572501a7"/>
      <TestMethod codeBase="AircraftInfoSectionFormComponent.PhantomJS 2.1.1 (Windows 8 0.0.0)_should create" name="PhantomJS 2.1.1 (Windows 8 0.0.0)_should create" className="AircraftInfoSectionFormComponent"/>
    </UnitTest>
    <UnitTest name="PhantomJS 2.1.1 (Windows 8 0.0.0)_should create" id="947c22ed-bb56-713c-cc1a-3792f38f5f5f">
      <Execution id="e516875c-76c2-7c40-8b11-6236c47e4838"/>
      <TestMethod codeBase="AtaCodeComponent.PhantomJS 2.1.1 (Windows 8 0.0.0)_should create" name="PhantomJS 2.1.1 (Windows 8 0.0.0)_should create" className="AtaCodeComponent"/>
    </UnitTest>
    <UnitTest name="PhantomJS 2.1.1 (Windows 8 0.0.0)_should create" id="b20566f0-2050-d32a-d076-79f00c8ddd50">
      <Execution id="62b5d2e1-5845-316e-5991-81c774d56123"/>
      <TestMethod codeBase="DefectDiscoveredDuringSectionFormComponent.PhantomJS 2.1.1 (Windows 8 0.0.0)_should create" name="PhantomJS 2.1.1 (Windows 8 0.0.0)_should create" className="DefectDiscoveredDuringSectionFormComponent"/>
    </UnitTest>
    <UnitTest name="PhantomJS 2.1.1 (Windows 8 0.0.0)_should create" id="9550a0ab-10fc-025b-f9a9-f90b0a1a632f">
      <Execution id="ff14b011-c47f-b298-0c6e-9f21ccdbe010"/>
      <TestMethod codeBase="GeneralSectionFormComponent.PhantomJS 2.1.1 (Windows 8 0.0.0)_should create" name="PhantomJS 2.1.1 (Windows 8 0.0.0)_should create" className="GeneralSectionFormComponent"/>
    </UnitTest>
    <UnitTest name="PhantomJS 2.1.1 (Windows 8 0.0.0)_should get ATA Codes from service" id="7ab1d3dc-e992-cd79-4cda-8db6c0f45bf5">
      <Execution id="b0b19985-a735-7e59-1b8a-c11a4d1653a4"/>
      <TestMethod codeBase="GeneralSectionFormComponent.PhantomJS 2.1.1 (Windows 8 0.0.0)_should get ATA Codes from service" name="PhantomJS 2.1.1 (Windows 8 0.0.0)_should get ATA Codes from service" className="GeneralSectionFormComponent"/>
    </UnitTest>
    <UnitTest name="PhantomJS 2.1.1 (Windows 8 0.0.0)_should create" id="44b7a759-4af5-9459-a50c-02f596c8d628">
      <Execution id="f1ae5f0a-77bd-f09d-037f-4167b6275311"/>
      <TestMethod codeBase="ScheduledMaintenanceSectionComponent.PhantomJS 2.1.1 (Windows 8 0.0.0)_should create" name="PhantomJS 2.1.1 (Windows 8 0.0.0)_should create" className="ScheduledMaintenanceSectionComponent"/>
    </UnitTest>
    <UnitTest name="PhantomJS 2.1.1 (Windows 8 0.0.0)_should create" id="f4c761fa-b652-d375-c110-bb3745582b3e">
      <Execution id="3adf5c44-220a-b65a-2008-8dbb4731da79"/>
      <TestMethod codeBase="UnscheduledMaintenanceSectionComponent.PhantomJS 2.1.1 (Windows 8 0.0.0)_should create" name="PhantomJS 2.1.1 (Windows 8 0.0.0)_should create" className="UnscheduledMaintenanceSectionComponent"/>
    </UnitTest>
    <UnitTest name="PhantomJS 2.1.1 (Windows 8 0.0.0)_should create" id="76ce8f79-a069-9494-02fb-6e0bade8eed5">
      <Execution id="eb27c9a9-4f8e-569d-fa70-edbf57025705"/>
      <TestMethod codeBase="RepairDetailsSectionComponent.PhantomJS 2.1.1 (Windows 8 0.0.0)_should create" name="PhantomJS 2.1.1 (Windows 8 0.0.0)_should create" className="RepairDetailsSectionComponent"/>
    </UnitTest>
    <UnitTest name="PhantomJS 2.1.1 (Windows 8 0.0.0)_should create" id="99444a55-7456-32cb-e9b7-07ab301f5b43">
      <Execution id="9c196ef3-13a1-eaf1-cfbb-998c90ddaea7"/>
      <TestMethod codeBase="SearchByAircraftComponent.PhantomJS 2.1.1 (Windows 8 0.0.0)_should create" name="PhantomJS 2.1.1 (Windows 8 0.0.0)_should create" className="SearchByAircraftComponent"/>
    </UnitTest>
    <UnitTest name="PhantomJS 2.1.1 (Windows 8 0.0.0)_should create" id="b38f584c-15b5-cd65-9824-f85cd294a1d5">
      <Execution id="f403a570-18be-1b86-8807-2e78a0b049dc"/>
      <TestMethod codeBase="SearchByCorrectiveActionComponent.PhantomJS 2.1.1 (Windows 8 0.0.0)_should create" name="PhantomJS 2.1.1 (Windows 8 0.0.0)_should create" className="SearchByCorrectiveActionComponent"/>
    </UnitTest>
    <UnitTest name="PhantomJS 2.1.1 (Windows 8 0.0.0)_should create" id="553b2b93-dd48-e164-4ca6-10b688ef58f6">
      <Execution id="92e6f3cf-6d1a-093c-0392-3ecc05f9ff72"/>
      <TestMethod codeBase="SearchByCorrosionComponent.PhantomJS 2.1.1 (Windows 8 0.0.0)_should create" name="PhantomJS 2.1.1 (Windows 8 0.0.0)_should create" className="SearchByCorrosionComponent"/>
    </UnitTest>
    <UnitTest name="PhantomJS 2.1.1 (Windows 8 0.0.0)_should create" id="599ef2b1-fd05-8a25-0f1d-e84b4ca12d58">
      <Execution id="41386b9b-ed13-ceec-6187-989c1aca98fc"/>
      <TestMethod codeBase="SearchByCpcpDispositionComponent.PhantomJS 2.1.1 (Windows 8 0.0.0)_should create" name="PhantomJS 2.1.1 (Windows 8 0.0.0)_should create" className="SearchByCpcpDispositionComponent"/>
    </UnitTest>
    <UnitTest name="PhantomJS 2.1.1 (Windows 8 0.0.0)_should create" id="74521bbf-a065-878f-adc3-235704dbcadf">
      <Execution id="1a739453-4db9-d90e-adee-9fd31061af9a"/>
      <TestMethod codeBase="SearchByDateRangeComponent.PhantomJS 2.1.1 (Windows 8 0.0.0)_should create" name="PhantomJS 2.1.1 (Windows 8 0.0.0)_should create" className="SearchByDateRangeComponent"/>
    </UnitTest>
    <UnitTest name="PhantomJS 2.1.1 (Windows 8 0.0.0)_should create" id="8d674492-db65-9cc7-b60e-cb602f4306f3">
      <Execution id="cb85cc2a-d1c5-dcff-4a7c-8b1c67dd9dbc"/>
      <TestMethod codeBase="SearchByDefectComponent.PhantomJS 2.1.1 (Windows 8 0.0.0)_should create" name="PhantomJS 2.1.1 (Windows 8 0.0.0)_should create" className="SearchByDefectComponent"/>
    </UnitTest>
    <UnitTest name="PhantomJS 2.1.1 (Windows 8 0.0.0)_should create" id="e8bc44a7-0e37-2f42-3e81-d04ce76bc166">
      <Execution id="aac423fe-9c52-eb33-c468-c600b1aed0f6"/>
      <TestMethod codeBase="SearchByCorrosionComponent.PhantomJS 2.1.1 (Windows 8 0.0.0)_should create" name="PhantomJS 2.1.1 (Windows 8 0.0.0)_should create" className="SearchByCorrosionComponent"/>
    </UnitTest>
    <UnitTest name="PhantomJS 2.1.1 (Windows 8 0.0.0)_should create" id="ed2ba665-04f4-37b5-1ee1-60355833368b">
      <Execution id="86c6e724-8bd9-11ec-f3e8-67debcb643b7"/>
      <TestMethod codeBase="SearchByPartComponent.PhantomJS 2.1.1 (Windows 8 0.0.0)_should create" name="PhantomJS 2.1.1 (Windows 8 0.0.0)_should create" className="SearchByPartComponent"/>
    </UnitTest>
    <UnitTest name="PhantomJS 2.1.1 (Windows 8 0.0.0)_should create" id="5bf0dcf5-990d-61e0-804f-700e2bd7ba2a">
      <Execution id="a0f77f34-d1c6-191a-a132-6070e2fd4dc4"/>
      <TestMethod codeBase="SearchBySdaFormComponent.PhantomJS 2.1.1 (Windows 8 0.0.0)_should create" name="PhantomJS 2.1.1 (Windows 8 0.0.0)_should create" className="SearchBySdaFormComponent"/>
    </UnitTest>
    <UnitTest name="PhantomJS 2.1.1 (Windows 8 0.0.0)_should create" id="251c1ed7-62bb-7bc3-cce7-a05a37eda71e">
      <Execution id="b8ac80c2-2aa3-470e-5976-1a10fd5b95fe"/>
      <TestMethod codeBase="SearcyByStatusComponent.PhantomJS 2.1.1 (Windows 8 0.0.0)_should create" name="PhantomJS 2.1.1 (Windows 8 0.0.0)_should create" className="SearcyByStatusComponent"/>
    </UnitTest>
    <UnitTest name="PhantomJS 2.1.1 (Windows 8 0.0.0)_should create" id="814cd5d0-f59f-18f4-b197-4c3a87fead7a">
      <Execution id="4edda1ca-b95e-5d33-a924-0fc0e74aaf46"/>
      <TestMethod codeBase="SearchByOptionsComponent.PhantomJS 2.1.1 (Windows 8 0.0.0)_should create" name="PhantomJS 2.1.1 (Windows 8 0.0.0)_should create" className="SearchByOptionsComponent"/>
    </UnitTest>
    <UnitTest name="PhantomJS 2.1.1 (Windows 8 0.0.0)_SearchByAircraftComponent should create" id="d27be7af-64ec-51ad-862e-cab2056900b8">
      <Execution id="035a2d14-107c-bcf0-858c-cf02e7973d94"/>
      <TestMethod codeBase="SearchFilterComponents.PhantomJS 2.1.1 (Windows 8 0.0.0)_SearchByAircraftComponent should create" name="PhantomJS 2.1.1 (Windows 8 0.0.0)_SearchByAircraftComponent should create" className="SearchFilterComponents"/>
    </UnitTest>
    <UnitTest name="PhantomJS 2.1.1 (Windows 8 0.0.0)_SearchByCorrectiveActionComponent should create" id="69dd55d2-89cc-ec67-7ff5-56eab19e276c">
      <Execution id="f41a8f99-d9fe-654a-aaf1-0b3e7b46f7ff"/>
      <TestMethod codeBase="SearchFilterComponents.PhantomJS 2.1.1 (Windows 8 0.0.0)_SearchByCorrectiveActionComponent should create" name="PhantomJS 2.1.1 (Windows 8 0.0.0)_SearchByCorrectiveActionComponent should create" className="SearchFilterComponents"/>
    </UnitTest>
    <UnitTest name="PhantomJS 2.1.1 (Windows 8 0.0.0)_SearchByCorrosionComponent should create" id="fc2c4fe8-c103-ceb1-7c5e-429eab35ef3e">
      <Execution id="04a7be6c-cf0a-1cf5-4b5a-d13bd294efc6"/>
      <TestMethod codeBase="SearchFilterComponents.PhantomJS 2.1.1 (Windows 8 0.0.0)_SearchByCorrosionComponent should create" name="PhantomJS 2.1.1 (Windows 8 0.0.0)_SearchByCorrosionComponent should create" className="SearchFilterComponents"/>
    </UnitTest>
    <UnitTest name="PhantomJS 2.1.1 (Windows 8 0.0.0)_SearchByCpcpDispositionComponent should create" id="7ca714c6-9e23-a243-8dda-b50f32471ee0">
      <Execution id="af729aca-2059-8497-aed9-fa625c6244e6"/>
      <TestMethod codeBase="SearchFilterComponents.PhantomJS 2.1.1 (Windows 8 0.0.0)_SearchByCpcpDispositionComponent should create" name="PhantomJS 2.1.1 (Windows 8 0.0.0)_SearchByCpcpDispositionComponent should create" className="SearchFilterComponents"/>
    </UnitTest>
    <UnitTest name="PhantomJS 2.1.1 (Windows 8 0.0.0)_SearchByDateRangeComponent should create" id="68d9bac9-4857-e09e-3f17-0a1d5f5a1485">
      <Execution id="05c1b2b0-8bba-865a-f811-1ceda12b1569"/>
      <TestMethod codeBase="SearchFilterComponents.PhantomJS 2.1.1 (Windows 8 0.0.0)_SearchByDateRangeComponent should create" name="PhantomJS 2.1.1 (Windows 8 0.0.0)_SearchByDateRangeComponent should create" className="SearchFilterComponents"/>
    </UnitTest>
    <UnitTest name="PhantomJS 2.1.1 (Windows 8 0.0.0)_SearchByDefectComponent should create" id="a0978d42-4e3b-00ea-d772-9fc0a67fc78b">
      <Execution id="a5489544-3df8-8d15-8839-9ce28f1fc937"/>
      <TestMethod codeBase="SearchFilterComponents.PhantomJS 2.1.1 (Windows 8 0.0.0)_SearchByDefectComponent should create" name="PhantomJS 2.1.1 (Windows 8 0.0.0)_SearchByDefectComponent should create" className="SearchFilterComponents"/>
    </UnitTest>
    <UnitTest name="PhantomJS 2.1.1 (Windows 8 0.0.0)_SearchByMaintenanceComponent should create" id="92b9a44d-819a-4e6b-8de7-580739166fe2">
      <Execution id="289bc9c6-4138-05ec-578a-69507839de60"/>
      <TestMethod codeBase="SearchFilterComponents.PhantomJS 2.1.1 (Windows 8 0.0.0)_SearchByMaintenanceComponent should create" name="PhantomJS 2.1.1 (Windows 8 0.0.0)_SearchByMaintenanceComponent should create" className="SearchFilterComponents"/>
    </UnitTest>
    <UnitTest name="PhantomJS 2.1.1 (Windows 8 0.0.0)_SearchByPartComponent should create" id="fd5c0907-d7d1-3005-72de-a0789ce25a8b">
      <Execution id="bcae2929-fa59-2e8e-6080-c27325106b7f"/>
      <TestMethod codeBase="SearchFilterComponents.PhantomJS 2.1.1 (Windows 8 0.0.0)_SearchByPartComponent should create" name="PhantomJS 2.1.1 (Windows 8 0.0.0)_SearchByPartComponent should create" className="SearchFilterComponents"/>
    </UnitTest>
    <UnitTest name="PhantomJS 2.1.1 (Windows 8 0.0.0)_SearchBySdaFormComponent should create" id="d34e8120-270c-7f97-fb0b-642ab93cddc0">
      <Execution id="35c1ad9c-b9ad-8b93-e33a-9a6bb9487b34"/>
      <TestMethod codeBase="SearchFilterComponents.PhantomJS 2.1.1 (Windows 8 0.0.0)_SearchBySdaFormComponent should create" name="PhantomJS 2.1.1 (Windows 8 0.0.0)_SearchBySdaFormComponent should create" className="SearchFilterComponents"/>
    </UnitTest>
    <UnitTest name="PhantomJS 2.1.1 (Windows 8 0.0.0)_SearchByStatusComponent should create" id="2ef6c5c0-e6f7-123a-c103-978548fa549f">
      <Execution id="2c0b4ba5-8781-c0af-f6ac-4f015d96618f"/>
      <TestMethod codeBase="SearchFilterComponents.PhantomJS 2.1.1 (Windows 8 0.0.0)_SearchByStatusComponent should create" name="PhantomJS 2.1.1 (Windows 8 0.0.0)_SearchByStatusComponent should create" className="SearchFilterComponents"/>
    </UnitTest>
    <UnitTest name="PhantomJS 2.1.1 (Windows 8 0.0.0)_SearchOptionsComponent should create" id="7534bf9d-4548-5d03-c351-982ebf37a429">
      <Execution id="ae5abbca-f951-edf8-8614-19967de5ded9"/>
      <TestMethod codeBase="SearchFilterComponents.PhantomJS 2.1.1 (Windows 8 0.0.0)_SearchOptionsComponent should create" name="PhantomJS 2.1.1 (Windows 8 0.0.0)_SearchOptionsComponent should create" className="SearchFilterComponents"/>
    </UnitTest>
  </TestDefinitions>
  <TestLists>
    <TestList name="Results Not in a List" id="8c84fa94-04c1-424b-9868-57a2d4851a1d"/>
    <TestList name="All Loaded Results" id="19431567-8539-422a-85d7-44ee4e166bda"/>
  </TestLists>
  <TestEntries>
    <TestEntry testId="bba17436-64d8-7965-32a6-0c06403b53bb" executionId="23083907-5ce8-d623-e852-3311941fab20" testListId="8c84fa94-04c1-424b-9868-57a2d4851a1d"/>
    <TestEntry testId="b86107a4-9f8b-e181-c0bf-249154e4c9c2" executionId="fb2b3eaa-743d-adbb-2342-d148f467eaaa" testListId="8c84fa94-04c1-424b-9868-57a2d4851a1d"/>
    <TestEntry testId="8d12c7d5-6f5e-ea4a-8612-4de39d1f75ce" executionId="6778ec2f-1b72-cce0-ba45-d26a115c7b6f" testListId="8c84fa94-04c1-424b-9868-57a2d4851a1d"/>
    <TestEntry testId="ff6324eb-5864-bfbb-de11-16960e5a6012" executionId="954db1d5-8cc5-8915-71d5-50686d90dcb1" testListId="8c84fa94-04c1-424b-9868-57a2d4851a1d"/>
    <TestEntry testId="34cd1649-32b8-64a8-3a5c-fb0003386b94" executionId="ca9cf2da-432c-6c49-c251-02ea0725f189" testListId="8c84fa94-04c1-424b-9868-57a2d4851a1d"/>
    <TestEntry testId="53815701-9cd3-4de9-4d33-6320d3e9b6c8" executionId="69f8b817-e92b-a2ca-edad-f002e160bd6c" testListId="8c84fa94-04c1-424b-9868-57a2d4851a1d"/>
    <TestEntry testId="92033ebd-1a9c-777d-840f-f595509ecba6" executionId="b5d39b14-8364-3743-52d0-2ed0a4e93da5" testListId="8c84fa94-04c1-424b-9868-57a2d4851a1d"/>
    <TestEntry testId="a135525e-4bc3-afb0-64f9-bdbdafb0f495" executionId="76cd91c9-c0f9-e954-ef17-c1c764aa30ec" testListId="8c84fa94-04c1-424b-9868-57a2d4851a1d"/>
    <TestEntry testId="eb2fa9ce-1169-103d-c876-50cc2e6b1b7e" executionId="7486082b-b06a-09c6-5460-501cb4d5fd8e" testListId="8c84fa94-04c1-424b-9868-57a2d4851a1d"/>
    <TestEntry testId="b6d21ff4-1c29-e0b6-5141-789ab9603f52" executionId="39de8b2f-e886-5d06-c888-1d6ac72d51ac" testListId="8c84fa94-04c1-424b-9868-57a2d4851a1d"/>
    <TestEntry testId="eece16f5-848c-20c3-57f2-5c41cb2d9970" executionId="ce3e95e6-460f-f7f3-c59f-d710b40640e9" testListId="8c84fa94-04c1-424b-9868-57a2d4851a1d"/>
    <TestEntry testId="df0ee044-40b4-8b26-1749-8b56bde2b05d" executionId="0b21e49f-61bd-1b76-5f58-eeb5646daab8" testListId="8c84fa94-04c1-424b-9868-57a2d4851a1d"/>
    <TestEntry testId="3c627e0c-d178-1f05-2a12-a1ff57c2c71f" executionId="711a37c0-a9dd-0949-aff4-071c103dd6b1" testListId="8c84fa94-04c1-424b-9868-57a2d4851a1d"/>
    <TestEntry testId="0d87079e-9ee9-916f-8efa-142e7ee07956" executionId="a412761f-700f-bcad-a682-06fe40ba887c" testListId="8c84fa94-04c1-424b-9868-57a2d4851a1d"/>
    <TestEntry testId="c3ffe581-101e-6d24-29c7-5475fccd0aef" executionId="922ac1a8-5a2a-0057-1d46-69c01cb80000" testListId="8c84fa94-04c1-424b-9868-57a2d4851a1d"/>
    <TestEntry testId="917bec3d-8357-e5da-fdc2-6a4705ccbcb7" executionId="b2ead499-485f-4e08-d74e-5890b005984a" testListId="8c84fa94-04c1-424b-9868-57a2d4851a1d"/>
    <TestEntry testId="ce901856-5b68-fcad-c388-5ed6570dc95f" executionId="24d788c5-4651-08a9-f133-cd07ce810d42" testListId="8c84fa94-04c1-424b-9868-57a2d4851a1d"/>
    <TestEntry testId="71224642-9ac7-b785-3d91-e0d36e4f3ecf" executionId="6c8e0766-5135-8e18-52fb-fa54d2a51833" testListId="8c84fa94-04c1-424b-9868-57a2d4851a1d"/>
    <TestEntry testId="c5d86824-b5df-59bb-3e87-079b881f9cbf" executionId="1fe8d0f2-cf06-ed99-cd31-a5a4f1745b3a" testListId="8c84fa94-04c1-424b-9868-57a2d4851a1d"/>
    <TestEntry testId="2318d590-2fa6-5c55-3cb5-4e7fff68550d" executionId="57a9239f-2973-ea6c-352b-2da8b3b92d46" testListId="8c84fa94-04c1-424b-9868-57a2d4851a1d"/>
    <TestEntry testId="fedc366e-76c7-5859-4f03-0a38dc487723" executionId="7fed7ffb-8e11-a884-1bc2-6e9f2479d5f1" testListId="8c84fa94-04c1-424b-9868-57a2d4851a1d"/>
    <TestEntry testId="19d57444-0501-60b9-ebc7-79fe911f7eed" executionId="1f6a2811-fc27-b93a-449e-253bd9bcf90f" testListId="8c84fa94-04c1-424b-9868-57a2d4851a1d"/>
    <TestEntry testId="a1656d2e-9240-0b6a-6f1f-5fdab66e207f" executionId="c74f8e6a-ec43-ac39-ce80-c50829d6a2b7" testListId="8c84fa94-04c1-424b-9868-57a2d4851a1d"/>
    <TestEntry testId="c8b2aa7f-1426-c8f1-aac2-65a7d2b9874a" executionId="689b685f-d3e3-4985-3aa0-43bc1e698503" testListId="8c84fa94-04c1-424b-9868-57a2d4851a1d"/>
    <TestEntry testId="dc11959d-7e21-68ae-d4f5-d71011e237aa" executionId="b839d998-a653-79d5-35b6-8312332d638f" testListId="8c84fa94-04c1-424b-9868-57a2d4851a1d"/>
    <TestEntry testId="68ea622c-87cf-ccee-40cc-8a882e1ce97b" executionId="5f10c344-e141-74c9-9d16-22893f759dab" testListId="8c84fa94-04c1-424b-9868-57a2d4851a1d"/>
    <TestEntry testId="b7bbc981-1ece-af51-356f-09842c69892e" executionId="8c99e28d-8d2d-762c-c0d6-640f72402ac0" testListId="8c84fa94-04c1-424b-9868-57a2d4851a1d"/>
    <TestEntry testId="8da97cfc-864d-6b5a-6d4c-a0d180330bb0" executionId="f393213b-74f7-6b22-a2a6-928a28f24769" testListId="8c84fa94-04c1-424b-9868-57a2d4851a1d"/>
    <TestEntry testId="9dfeb42b-3dcc-23e7-e8a2-a1f937528313" executionId="0cc81fbc-ca87-8ba4-6c3e-dc0c6b5ef826" testListId="8c84fa94-04c1-424b-9868-57a2d4851a1d"/>
    <TestEntry testId="59d966c5-0733-5d6a-8628-e6b7b725af9c" executionId="f5d45b41-7e0c-5bf7-ed1c-98d894994ae4" testListId="8c84fa94-04c1-424b-9868-57a2d4851a1d"/>
    <TestEntry testId="234855c4-886a-7264-1412-4e4c8f045497" executionId="a065a956-4d84-d1ff-bde3-dcad48749119" testListId="8c84fa94-04c1-424b-9868-57a2d4851a1d"/>
    <TestEntry testId="a97d7391-4379-47bb-0cb0-d47b60369a1d" executionId="10283e2c-6f82-1f5c-6a9b-9c8f60df7fcd" testListId="8c84fa94-04c1-424b-9868-57a2d4851a1d"/>
    <TestEntry testId="54125534-2a6d-9b3e-923f-e15d60f15635" executionId="2af9abe2-a9e7-0455-563a-e8e3f6370848" testListId="8c84fa94-04c1-424b-9868-57a2d4851a1d"/>
    <TestEntry testId="28c3abf2-4cdb-dc98-4c39-eb24ea1110e7" executionId="2f12f397-5155-225f-a571-1e3026242b18" testListId="8c84fa94-04c1-424b-9868-57a2d4851a1d"/>
    <TestEntry testId="e0840db9-4966-05f7-180b-328df63a8a92" executionId="cd664dbe-7582-3961-d430-cb1b4bc04f23" testListId="8c84fa94-04c1-424b-9868-57a2d4851a1d"/>
    <TestEntry testId="c44febc3-b86b-50e5-603d-54eed0b9fe82" executionId="414e79eb-aaed-d638-7391-2ee14af00501" testListId="8c84fa94-04c1-424b-9868-57a2d4851a1d"/>
    <TestEntry testId="eca5c439-9003-18aa-e26f-c8589326c7a9" executionId="08ebe89c-d4ec-f3d6-4ac5-08d5c773d51e" testListId="8c84fa94-04c1-424b-9868-57a2d4851a1d"/>
    <TestEntry testId="c6395b33-bb69-a176-6ea3-e8880817c466" executionId="acdfc8cc-4b75-93f9-04d9-cb56fe5e4d30" testListId="8c84fa94-04c1-424b-9868-57a2d4851a1d"/>
    <TestEntry testId="0c92080a-3ab8-a1ee-1926-2ded16ca3f84" executionId="a9c1fafc-426f-ec8f-08f9-f9d4750d5752" testListId="8c84fa94-04c1-424b-9868-57a2d4851a1d"/>
    <TestEntry testId="d30df66f-a190-d8da-f1e4-1a5005d19eaa" executionId="e6207119-4938-50fa-3096-4ca4699c3fe8" testListId="8c84fa94-04c1-424b-9868-57a2d4851a1d"/>
    <TestEntry testId="ae35a8c8-c51c-c632-c4e3-f800163cae0a" executionId="0763af8a-9f44-63ad-718b-188914a96b25" testListId="8c84fa94-04c1-424b-9868-57a2d4851a1d"/>
    <TestEntry testId="fe4c45a2-8d5d-de74-f601-2a2bf00eee21" executionId="313774b0-6de8-cd87-22ad-2831e4a79b8d" testListId="8c84fa94-04c1-424b-9868-57a2d4851a1d"/>
    <TestEntry testId="6feac3db-8df3-3434-b7d7-7f7612d1a30c" executionId="1a089394-e629-3f2c-61dc-b873b770b269" testListId="8c84fa94-04c1-424b-9868-57a2d4851a1d"/>
    <TestEntry testId="54a8c445-885f-af5c-f61f-05a66c9873da" executionId="2e4544d8-b09d-2215-7916-548cc5ee2681" testListId="8c84fa94-04c1-424b-9868-57a2d4851a1d"/>
    <TestEntry testId="43efc980-e632-e114-9ea0-0ff79da9f26f" executionId="ec7ecac3-8157-2974-0c75-b4e510fc8540" testListId="8c84fa94-04c1-424b-9868-57a2d4851a1d"/>
    <TestEntry testId="595778eb-3381-c06a-a9e7-07d3ec6b35df" executionId="123a5bc3-12e8-60dd-0a07-1330a12520d3" testListId="8c84fa94-04c1-424b-9868-57a2d4851a1d"/>
    <TestEntry testId="de09378c-fc3a-984e-85da-08403311ac42" executionId="39bc4172-1d10-4e64-7a93-c191d2c6cc36" testListId="8c84fa94-04c1-424b-9868-57a2d4851a1d"/>
    <TestEntry testId="96d3f71d-09e7-d2f1-222a-6b4c61740804" executionId="58d33817-2474-c26e-a0f8-74d6b0556fcf" testListId="8c84fa94-04c1-424b-9868-57a2d4851a1d"/>
    <TestEntry testId="7dc9c47a-b986-5e8f-01b9-713e746ee6e8" executionId="afecbdc9-ad27-11b8-878e-ba6983333d5f" testListId="8c84fa94-04c1-424b-9868-57a2d4851a1d"/>
    <TestEntry testId="86ff77dd-424d-595f-ec00-21cf09e85ec1" executionId="0135da1f-ef07-bc30-bc05-36df7180a40c" testListId="8c84fa94-04c1-424b-9868-57a2d4851a1d"/>
    <TestEntry testId="7ccef520-0107-883b-8b66-ba876925c439" executionId="7685cf79-119d-ce8f-a196-fec726e11ddc" testListId="8c84fa94-04c1-424b-9868-57a2d4851a1d"/>
    <TestEntry testId="f5213762-b743-9325-fa55-acb5786ead02" executionId="8de2bf1e-637b-f309-c77c-6708b0ea3126" testListId="8c84fa94-04c1-424b-9868-57a2d4851a1d"/>
    <TestEntry testId="3784b95d-c140-7b38-f4e1-fca2d3bc4885" executionId="7ddb4738-d9fe-ac5b-dbc9-665252529988" testListId="8c84fa94-04c1-424b-9868-57a2d4851a1d"/>
    <TestEntry testId="6a803544-dca7-3d9c-5c7c-9ca3b89a3dfd" executionId="7c406ea5-de82-cb40-d946-77bec807d9f6" testListId="8c84fa94-04c1-424b-9868-57a2d4851a1d"/>
    <TestEntry testId="9aa8bb95-d126-0c00-f365-fc913d570554" executionId="5ad6f74d-2d81-358c-9b20-55825a86033e" testListId="8c84fa94-04c1-424b-9868-57a2d4851a1d"/>
    <TestEntry testId="d56f0e34-adfa-ebf9-8829-3b586cf76e62" executionId="1f491586-2237-b443-920e-174c9391b4b9" testListId="8c84fa94-04c1-424b-9868-57a2d4851a1d"/>
    <TestEntry testId="b3666e11-24d3-3e85-fd94-c912ef5cdcbd" executionId="217ab014-d7a3-a202-3919-4f47ece72e8c" testListId="8c84fa94-04c1-424b-9868-57a2d4851a1d"/>
    <TestEntry testId="743271a2-933f-2cd2-00af-d71cf00bfb83" executionId="2bfc46ce-60e6-5e24-8027-d0e99ba227f4" testListId="8c84fa94-04c1-424b-9868-57a2d4851a1d"/>
    <TestEntry testId="6f07f30f-0818-e8f1-e93e-fa87d12c6376" executionId="076f760f-75e9-eca8-f187-942738debc84" testListId="8c84fa94-04c1-424b-9868-57a2d4851a1d"/>
    <TestEntry testId="773fe3df-7f8d-2943-43b5-1f8e9684c591" executionId="6edc9fde-0845-3859-5df6-1c2b13224047" testListId="8c84fa94-04c1-424b-9868-57a2d4851a1d"/>
    <TestEntry testId="ff3086b0-3f7b-d138-12e8-8ff5c29ee1c5" executionId="3b6cbc3f-5ac9-c199-c429-46cc572501a7" testListId="8c84fa94-04c1-424b-9868-57a2d4851a1d"/>
    <TestEntry testId="947c22ed-bb56-713c-cc1a-3792f38f5f5f" executionId="e516875c-76c2-7c40-8b11-6236c47e4838" testListId="8c84fa94-04c1-424b-9868-57a2d4851a1d"/>
    <TestEntry testId="b20566f0-2050-d32a-d076-79f00c8ddd50" executionId="62b5d2e1-5845-316e-5991-81c774d56123" testListId="8c84fa94-04c1-424b-9868-57a2d4851a1d"/>
    <TestEntry testId="9550a0ab-10fc-025b-f9a9-f90b0a1a632f" executionId="ff14b011-c47f-b298-0c6e-9f21ccdbe010" testListId="8c84fa94-04c1-424b-9868-57a2d4851a1d"/>
    <TestEntry testId="7ab1d3dc-e992-cd79-4cda-8db6c0f45bf5" executionId="b0b19985-a735-7e59-1b8a-c11a4d1653a4" testListId="8c84fa94-04c1-424b-9868-57a2d4851a1d"/>
    <TestEntry testId="44b7a759-4af5-9459-a50c-02f596c8d628" executionId="f1ae5f0a-77bd-f09d-037f-4167b6275311" testListId="8c84fa94-04c1-424b-9868-57a2d4851a1d"/>
    <TestEntry testId="f4c761fa-b652-d375-c110-bb3745582b3e" executionId="3adf5c44-220a-b65a-2008-8dbb4731da79" testListId="8c84fa94-04c1-424b-9868-57a2d4851a1d"/>
    <TestEntry testId="76ce8f79-a069-9494-02fb-6e0bade8eed5" executionId="eb27c9a9-4f8e-569d-fa70-edbf57025705" testListId="8c84fa94-04c1-424b-9868-57a2d4851a1d"/>
    <TestEntry testId="99444a55-7456-32cb-e9b7-07ab301f5b43" executionId="9c196ef3-13a1-eaf1-cfbb-998c90ddaea7" testListId="8c84fa94-04c1-424b-9868-57a2d4851a1d"/>
    <TestEntry testId="b38f584c-15b5-cd65-9824-f85cd294a1d5" executionId="f403a570-18be-1b86-8807-2e78a0b049dc" testListId="8c84fa94-04c1-424b-9868-57a2d4851a1d"/>
    <TestEntry testId="553b2b93-dd48-e164-4ca6-10b688ef58f6" executionId="92e6f3cf-6d1a-093c-0392-3ecc05f9ff72" testListId="8c84fa94-04c1-424b-9868-57a2d4851a1d"/>
    <TestEntry testId="599ef2b1-fd05-8a25-0f1d-e84b4ca12d58" executionId="41386b9b-ed13-ceec-6187-989c1aca98fc" testListId="8c84fa94-04c1-424b-9868-57a2d4851a1d"/>
    <TestEntry testId="74521bbf-a065-878f-adc3-235704dbcadf" executionId="1a739453-4db9-d90e-adee-9fd31061af9a" testListId="8c84fa94-04c1-424b-9868-57a2d4851a1d"/>
    <TestEntry testId="8d674492-db65-9cc7-b60e-cb602f4306f3" executionId="cb85cc2a-d1c5-dcff-4a7c-8b1c67dd9dbc" testListId="8c84fa94-04c1-424b-9868-57a2d4851a1d"/>
    <TestEntry testId="e8bc44a7-0e37-2f42-3e81-d04ce76bc166" executionId="aac423fe-9c52-eb33-c468-c600b1aed0f6" testListId="8c84fa94-04c1-424b-9868-57a2d4851a1d"/>
    <TestEntry testId="ed2ba665-04f4-37b5-1ee1-60355833368b" executionId="86c6e724-8bd9-11ec-f3e8-67debcb643b7" testListId="8c84fa94-04c1-424b-9868-57a2d4851a1d"/>
    <TestEntry testId="5bf0dcf5-990d-61e0-804f-700e2bd7ba2a" executionId="a0f77f34-d1c6-191a-a132-6070e2fd4dc4" testListId="8c84fa94-04c1-424b-9868-57a2d4851a1d"/>
    <TestEntry testId="251c1ed7-62bb-7bc3-cce7-a05a37eda71e" executionId="b8ac80c2-2aa3-470e-5976-1a10fd5b95fe" testListId="8c84fa94-04c1-424b-9868-57a2d4851a1d"/>
    <TestEntry testId="814cd5d0-f59f-18f4-b197-4c3a87fead7a" executionId="4edda1ca-b95e-5d33-a924-0fc0e74aaf46" testListId="8c84fa94-04c1-424b-9868-57a2d4851a1d"/>
    <TestEntry testId="d27be7af-64ec-51ad-862e-cab2056900b8" executionId="035a2d14-107c-bcf0-858c-cf02e7973d94" testListId="8c84fa94-04c1-424b-9868-57a2d4851a1d"/>
    <TestEntry testId="69dd55d2-89cc-ec67-7ff5-56eab19e276c" executionId="f41a8f99-d9fe-654a-aaf1-0b3e7b46f7ff" testListId="8c84fa94-04c1-424b-9868-57a2d4851a1d"/>
    <TestEntry testId="fc2c4fe8-c103-ceb1-7c5e-429eab35ef3e" executionId="04a7be6c-cf0a-1cf5-4b5a-d13bd294efc6" testListId="8c84fa94-04c1-424b-9868-57a2d4851a1d"/>
    <TestEntry testId="7ca714c6-9e23-a243-8dda-b50f32471ee0" executionId="af729aca-2059-8497-aed9-fa625c6244e6" testListId="8c84fa94-04c1-424b-9868-57a2d4851a1d"/>
    <TestEntry testId="68d9bac9-4857-e09e-3f17-0a1d5f5a1485" executionId="05c1b2b0-8bba-865a-f811-1ceda12b1569" testListId="8c84fa94-04c1-424b-9868-57a2d4851a1d"/>
    <TestEntry testId="a0978d42-4e3b-00ea-d772-9fc0a67fc78b" executionId="a5489544-3df8-8d15-8839-9ce28f1fc937" testListId="8c84fa94-04c1-424b-9868-57a2d4851a1d"/>
    <TestEntry testId="92b9a44d-819a-4e6b-8de7-580739166fe2" executionId="289bc9c6-4138-05ec-578a-69507839de60" testListId="8c84fa94-04c1-424b-9868-57a2d4851a1d"/>
    <TestEntry testId="fd5c0907-d7d1-3005-72de-a0789ce25a8b" executionId="bcae2929-fa59-2e8e-6080-c27325106b7f" testListId="8c84fa94-04c1-424b-9868-57a2d4851a1d"/>
    <TestEntry testId="d34e8120-270c-7f97-fb0b-642ab93cddc0" executionId="35c1ad9c-b9ad-8b93-e33a-9a6bb9487b34" testListId="8c84fa94-04c1-424b-9868-57a2d4851a1d"/>
    <TestEntry testId="2ef6c5c0-e6f7-123a-c103-978548fa549f" executionId="2c0b4ba5-8781-c0af-f6ac-4f015d96618f" testListId="8c84fa94-04c1-424b-9868-57a2d4851a1d"/>
    <TestEntry testId="7534bf9d-4548-5d03-c351-982ebf37a429" executionId="ae5abbca-f951-edf8-8614-19967de5ded9" testListId="8c84fa94-04c1-424b-9868-57a2d4851a1d"/>
  </TestEntries>
  <Results>
    <UnitTestResult executionId="23083907-5ce8-d623-e852-3311941fab20" testId="bba17436-64d8-7965-32a6-0c06403b53bb" testName="PhantomJS 2.1.1 (Windows 8 0.0.0)_should create" computerName="QJ07307976" duration="00:00:00.000" startTime="2017-09-14T22:57:26" endTime="2017-09-14T22:57:26" testType="13cdc9d9-ddb5-4fa4-a97d-d965ccfc6d4b" outcome="NotExecuted" testListId="8c84fa94-04c1-424b-9868-57a2d4851a1d"/>
    <UnitTestResult executionId="fb2b3eaa-743d-adbb-2342-d148f467eaaa" testId="b86107a4-9f8b-e181-c0bf-249154e4c9c2" testName="PhantomJS 2.1.1 (Windows 8 0.0.0)_should create" computerName="QJ07307976" duration="00:00:00.000" startTime="2017-09-14T22:57:26" endTime="2017-09-14T22:57:26" testType="13cdc9d9-ddb5-4fa4-a97d-d965ccfc6d4b" outcome="NotExecuted" testListId="8c84fa94-04c1-424b-9868-57a2d4851a1d"/>
    <UnitTestResult executionId="6778ec2f-1b72-cce0-ba45-d26a115c7b6f" testId="8d12c7d5-6f5e-ea4a-8612-4de39d1f75ce" testName="PhantomJS 2.1.1 (Windows 8 0.0.0)_should create" computerName="QJ07307976" duration="00:00:00.000" startTime="2017-09-14T22:57:26" endTime="2017-09-14T22:57:26" testType="13cdc9d9-ddb5-4fa4-a97d-d965ccfc6d4b" outcome="NotExecuted" testListId="8c84fa94-04c1-424b-9868-57a2d4851a1d"/>
    <UnitTestResult executionId="954db1d5-8cc5-8915-71d5-50686d90dcb1" testId="ff6324eb-5864-bfbb-de11-16960e5a6012" testName="PhantomJS 2.1.1 (Windows 8 0.0.0)_should create" computerName="QJ07307976" duration="00:00:00.000" startTime="2017-09-14T22:57:26" endTime="2017-09-14T22:57:26" testType="13cdc9d9-ddb5-4fa4-a97d-d965ccfc6d4b" outcome="NotExecuted" testListId="8c84fa94-04c1-424b-9868-57a2d4851a1d"/>
    <UnitTestResult executionId="ca9cf2da-432c-6c49-c251-02ea0725f189" testId="34cd1649-32b8-64a8-3a5c-fb0003386b94" testName="PhantomJS 2.1.1 (Windows 8 0.0.0)_should create" computerName="QJ07307976" duration="00:00:00.000" startTime="2017-09-14T22:57:26" endTime="2017-09-14T22:57:26" testType="13cdc9d9-ddb5-4fa4-a97d-d965ccfc6d4b" outcome="NotExecuted" testListId="8c84fa94-04c1-424b-9868-57a2d4851a1d"/>
    <UnitTestResult executionId="69f8b817-e92b-a2ca-edad-f002e160bd6c" testId="53815701-9cd3-4de9-4d33-6320d3e9b6c8" testName="PhantomJS 2.1.1 (Windows 8 0.0.0)_should create" computerName="QJ07307976" duration="00:00:00.000" startTime="2017-09-14T22:57:26" endTime="2017-09-14T22:57:26" testType="13cdc9d9-ddb5-4fa4-a97d-d965ccfc6d4b" outcome="NotExecuted" testListId="8c84fa94-04c1-424b-9868-57a2d4851a1d"/>
    <UnitTestResult executionId="b5d39b14-8364-3743-52d0-2ed0a4e93da5" testId="92033ebd-1a9c-777d-840f-f595509ecba6" testName="PhantomJS 2.1.1 (Windows 8 0.0.0)_should create" computerName="QJ07307976" duration="00:00:00.000" startTime="2017-09-14T22:57:26" endTime="2017-09-14T22:57:26" testType="13cdc9d9-ddb5-4fa4-a97d-d965ccfc6d4b" outcome="NotExecuted" testListId="8c84fa94-04c1-424b-9868-57a2d4851a1d"/>
    <UnitTestResult executionId="76cd91c9-c0f9-e954-ef17-c1c764aa30ec" testId="a135525e-4bc3-afb0-64f9-bdbdafb0f495" testName="PhantomJS 2.1.1 (Windows 8 0.0.0)_should create" computerName="QJ07307976" duration="00:00:00.000" startTime="2017-09-14T22:57:26" endTime="2017-09-14T22:57:26" testType="13cdc9d9-ddb5-4fa4-a97d-d965ccfc6d4b" outcome="NotExecuted" testListId="8c84fa94-04c1-424b-9868-57a2d4851a1d"/>
    <UnitTestResult executionId="7486082b-b06a-09c6-5460-501cb4d5fd8e" testId="eb2fa9ce-1169-103d-c876-50cc2e6b1b7e" testName="PhantomJS 2.1.1 (Windows 8 0.0.0)_Call QueryNoseNumber Success action after Query Nose Numbers" computerName="QJ07307976" duration="00:00:00.000" startTime="2017-09-14T22:57:26" endTime="2017-09-14T22:57:26" testType="13cdc9d9-ddb5-4fa4-a97d-d965ccfc6d4b" outcome="NotExecuted" testListId="8c84fa94-04c1-424b-9868-57a2d4851a1d"/>
    <UnitTestResult executionId="39de8b2f-e886-5d06-c888-1d6ac72d51ac" testId="b6d21ff4-1c29-e0b6-5141-789ab9603f52" testName="PhantomJS 2.1.1 (Windows 8 0.0.0)_Call get Aircraft Info Success action after get Aircraft Info" computerName="QJ07307976" duration="00:00:00.000" startTime="2017-09-14T22:57:26" endTime="2017-09-14T22:57:26" testType="13cdc9d9-ddb5-4fa4-a97d-d965ccfc6d4b" outcome="NotExecuted" testListId="8c84fa94-04c1-424b-9868-57a2d4851a1d"/>
    <UnitTestResult executionId="ce3e95e6-460f-f7f3-c59f-d710b40640e9" testId="eece16f5-848c-20c3-57f2-5c41cb2d9970" testName="PhantomJS 2.1.1 (Windows 8 0.0.0)_Call Show Toastr error after any fail actions" computerName="QJ07307976" duration="00:00:00.000" startTime="2017-09-14T22:57:26" endTime="2017-09-14T22:57:26" testType="13cdc9d9-ddb5-4fa4-a97d-d965ccfc6d4b" outcome="NotExecuted" testListId="8c84fa94-04c1-424b-9868-57a2d4851a1d"/>
    <UnitTestResult executionId="0b21e49f-61bd-1b76-5f58-eeb5646daab8" testId="df0ee044-40b4-8b26-1749-8b56bde2b05d" testName="PhantomJS 2.1.1 (Windows 8 0.0.0)_SelectedAlert Reducer Initial State" computerName="QJ07307976" duration="00:00:00.000" startTime="2017-09-14T22:57:26" endTime="2017-09-14T22:57:26" testType="13cdc9d9-ddb5-4fa4-a97d-d965ccfc6d4b" outcome="NotExecuted" testListId="8c84fa94-04c1-424b-9868-57a2d4851a1d"/>
    <UnitTestResult executionId="711a37c0-a9dd-0949-aff4-071c103dd6b1" testId="3c627e0c-d178-1f05-2a12-a1ff57c2c71f" testName="PhantomJS 2.1.1 (Windows 8 0.0.0)_SelectedAlert Reducer Load Aircraft Info Success" computerName="QJ07307976" duration="00:00:00.000" startTime="2017-09-14T22:57:26" endTime="2017-09-14T22:57:26" testType="13cdc9d9-ddb5-4fa4-a97d-d965ccfc6d4b" outcome="NotExecuted" testListId="8c84fa94-04c1-424b-9868-57a2d4851a1d"/>
    <UnitTestResult executionId="a412761f-700f-bcad-a682-06fe40ba887c" testId="0d87079e-9ee9-916f-8efa-142e7ee07956" testName="PhantomJS 2.1.1 (Windows 8 0.0.0)_SelectedAlert Reducer Load Nose Numbers Info Success" computerName="QJ07307976" duration="00:00:00.000" startTime="2017-09-14T22:57:26" endTime="2017-09-14T22:57:26" testType="13cdc9d9-ddb5-4fa4-a97d-d965ccfc6d4b" outcome="NotExecuted" testListId="8c84fa94-04c1-424b-9868-57a2d4851a1d"/>
    <UnitTestResult executionId="922ac1a8-5a2a-0057-1d46-69c01cb80000" testId="c3ffe581-101e-6d24-29c7-5475fccd0aef" testName="PhantomJS 2.1.1 (Windows 8 0.0.0)_selectedAlert Reducer Other" computerName="QJ07307976" duration="00:00:00.000" startTime="2017-09-14T22:57:26" endTime="2017-09-14T22:57:26" testType="13cdc9d9-ddb5-4fa4-a97d-d965ccfc6d4b" outcome="NotExecuted" testListId="8c84fa94-04c1-424b-9868-57a2d4851a1d"/>
    <UnitTestResult executionId="b2ead499-485f-4e08-d74e-5890b005984a" testId="917bec3d-8357-e5da-fdc2-6a4705ccbcb7" testName="PhantomJS 2.1.1 (Windows 8 0.0.0)_should ..." computerName="QJ07307976" duration="00:00:00.000" startTime="2017-09-14T22:57:26" endTime="2017-09-14T22:57:26" testType="13cdc9d9-ddb5-4fa4-a97d-d965ccfc6d4b" outcome="NotExecuted" testListId="8c84fa94-04c1-424b-9868-57a2d4851a1d"/>
    <UnitTestResult executionId="24d788c5-4651-08a9-f133-cd07ce810d42" testId="ce901856-5b68-fcad-c388-5ed6570dc95f" testName="PhantomJS 2.1.1 (Windows 8 0.0.0)_should create" computerName="QJ07307976" duration="00:00:00.000" startTime="2017-09-14T22:57:26" endTime="2017-09-14T22:57:26" testType="13cdc9d9-ddb5-4fa4-a97d-d965ccfc6d4b" outcome="NotExecuted" testListId="8c84fa94-04c1-424b-9868-57a2d4851a1d"/>
    <UnitTestResult executionId="6c8e0766-5135-8e18-52fb-fa54d2a51833" testId="71224642-9ac7-b785-3d91-e0d36e4f3ecf" testName="PhantomJS 2.1.1 (Windows 8 0.0.0)_should return an array of NoseNumbers" computerName="QJ07307976" duration="00:00:00.000" startTime="2017-09-14T22:57:26" endTime="2017-09-14T22:57:26" testType="13cdc9d9-ddb5-4fa4-a97d-d965ccfc6d4b" outcome="NotExecuted" testListId="8c84fa94-04c1-424b-9868-57a2d4851a1d"/>
    <UnitTestResult executionId="1fe8d0f2-cf06-ed99-cd31-a5a4f1745b3a" testId="c5d86824-b5df-59bb-3e87-079b881f9cbf" testName="PhantomJS 2.1.1 (Windows 8 0.0.0)_should return aircraft information by nose number" computerName="QJ07307976" duration="00:00:00.000" startTime="2017-09-14T22:57:26" endTime="2017-09-14T22:57:26" testType="13cdc9d9-ddb5-4fa4-a97d-d965ccfc6d4b" outcome="NotExecuted" testListId="8c84fa94-04c1-424b-9868-57a2d4851a1d"/>
    <UnitTestResult executionId="57a9239f-2973-ea6c-352b-2da8b3b92d46" testId="2318d590-2fa6-5c55-3cb5-4e7fff68550d" testName="PhantomJS 2.1.1 (Windows 8 0.0.0)_should create" computerName="QJ07307976" duration="00:00:00.000" startTime="2017-09-14T22:57:26" endTime="2017-09-14T22:57:26" testType="13cdc9d9-ddb5-4fa4-a97d-d965ccfc6d4b" outcome="NotExecuted" testListId="8c84fa94-04c1-424b-9868-57a2d4851a1d"/>
    <UnitTestResult executionId="7fed7ffb-8e11-a884-1bc2-6e9f2479d5f1" testId="fedc366e-76c7-5859-4f03-0a38dc487723" testName="PhantomJS 2.1.1 (Windows 8 0.0.0)_should return list of Alert codes" computerName="QJ07307976" duration="00:00:00.000" startTime="2017-09-14T22:57:26" endTime="2017-09-14T22:57:26" testType="13cdc9d9-ddb5-4fa4-a97d-d965ccfc6d4b" outcome="NotExecuted" testListId="8c84fa94-04c1-424b-9868-57a2d4851a1d"/>
    <UnitTestResult executionId="1f6a2811-fc27-b93a-449e-253bd9bcf90f" testId="19d57444-0501-60b9-ebc7-79fe911f7eed" testName="PhantomJS 2.1.1 (Windows 8 0.0.0)_should ..." computerName="QJ07307976" duration="00:00:00.000" startTime="2017-09-14T22:57:26" endTime="2017-09-14T22:57:26" testType="13cdc9d9-ddb5-4fa4-a97d-d965ccfc6d4b" outcome="NotExecuted" testListId="8c84fa94-04c1-424b-9868-57a2d4851a1d"/>
    <UnitTestResult executionId="c74f8e6a-ec43-ac39-ce80-c50829d6a2b7" testId="a1656d2e-9240-0b6a-6f1f-5fdab66e207f" testName="PhantomJS 2.1.1 (Windows 8 0.0.0)_should construct" computerName="QJ07307976" duration="00:00:00.000" startTime="2017-09-14T22:57:26" endTime="2017-09-14T22:57:26" testType="13cdc9d9-ddb5-4fa4-a97d-d965ccfc6d4b" outcome="NotExecuted" testListId="8c84fa94-04c1-424b-9868-57a2d4851a1d"/>
    <UnitTestResult executionId="689b685f-d3e3-4985-3aa0-43bc1e698503" testId="c8b2aa7f-1426-c8f1-aac2-65a7d2b9874a" testName="PhantomJS 2.1.1 (Windows 8 0.0.0)_should return all ATACodes" computerName="QJ07307976" duration="00:00:00.000" startTime="2017-09-14T22:57:26" endTime="2017-09-14T22:57:26" testType="13cdc9d9-ddb5-4fa4-a97d-d965ccfc6d4b" outcome="NotExecuted" testListId="8c84fa94-04c1-424b-9868-57a2d4851a1d"/>
    <UnitTestResult executionId="b839d998-a653-79d5-35b6-8312332d638f" testId="dc11959d-7e21-68ae-d4f5-d71011e237aa" testName="PhantomJS 2.1.1 (Windows 8 0.0.0)_should ..." computerName="QJ07307976" duration="00:00:00.000" startTime="2017-09-14T22:57:26" endTime="2017-09-14T22:57:26" testType="13cdc9d9-ddb5-4fa4-a97d-d965ccfc6d4b" outcome="NotExecuted" testListId="8c84fa94-04c1-424b-9868-57a2d4851a1d"/>
    <UnitTestResult executionId="5f10c344-e141-74c9-9d16-22893f759dab" testId="68ea622c-87cf-ccee-40cc-8a882e1ce97b" testName="PhantomJS 2.1.1 (Windows 8 0.0.0)_should ..." computerName="QJ07307976" duration="00:00:00.000" startTime="2017-09-14T22:57:26" endTime="2017-09-14T22:57:26" testType="13cdc9d9-ddb5-4fa4-a97d-d965ccfc6d4b" outcome="NotExecuted" testListId="8c84fa94-04c1-424b-9868-57a2d4851a1d"/>
    <UnitTestResult executionId="8c99e28d-8d2d-762c-c0d6-640f72402ac0" testId="b7bbc981-1ece-af51-356f-09842c69892e" testName="PhantomJS 2.1.1 (Windows 8 0.0.0)_should ..." computerName="QJ07307976" duration="00:00:00.000" startTime="2017-09-14T22:57:26" endTime="2017-09-14T22:57:26" testType="13cdc9d9-ddb5-4fa4-a97d-d965ccfc6d4b" outcome="NotExecuted" testListId="8c84fa94-04c1-424b-9868-57a2d4851a1d"/>
    <UnitTestResult executionId="f393213b-74f7-6b22-a2a6-928a28f24769" testId="8da97cfc-864d-6b5a-6d4c-a0d180330bb0" testName="PhantomJS 2.1.1 (Windows 8 0.0.0)_should construct" computerName="QJ07307976" duration="00:00:00.000" startTime="2017-09-14T22:57:26" endTime="2017-09-14T22:57:26" testType="13cdc9d9-ddb5-4fa4-a97d-d965ccfc6d4b" outcome="NotExecuted" testListId="8c84fa94-04c1-424b-9868-57a2d4851a1d"/>
    <UnitTestResult executionId="0cc81fbc-ca87-8ba4-6c3e-dc0c6b5ef826" testId="9dfeb42b-3dcc-23e7-e8a2-a1f937528313" testName="PhantomJS 2.1.1 (Windows 8 0.0.0)_should return all Check types" computerName="QJ07307976" duration="00:00:00.000" startTime="2017-09-14T22:57:26" endTime="2017-09-14T22:57:26" testType="13cdc9d9-ddb5-4fa4-a97d-d965ccfc6d4b" outcome="NotExecuted" testListId="8c84fa94-04c1-424b-9868-57a2d4851a1d"/>
    <UnitTestResult executionId="f5d45b41-7e0c-5bf7-ed1c-98d894994ae4" testId="59d966c5-0733-5d6a-8628-e6b7b725af9c" testName="PhantomJS 2.1.1 (Windows 8 0.0.0)_should create" computerName="QJ07307976" duration="00:00:00.000" startTime="2017-09-14T22:57:26" endTime="2017-09-14T22:57:26" testType="13cdc9d9-ddb5-4fa4-a97d-d965ccfc6d4b" outcome="NotExecuted" testListId="8c84fa94-04c1-424b-9868-57a2d4851a1d"/>
    <UnitTestResult executionId="a065a956-4d84-d1ff-bde3-dcad48749119" testId="234855c4-886a-7264-1412-4e4c8f045497" testName="PhantomJS 2.1.1 (Windows 8 0.0.0)_should return All Corrosion Levels" computerName="QJ07307976" duration="00:00:00.000" startTime="2017-09-14T22:57:26" endTime="2017-09-14T22:57:26" testType="13cdc9d9-ddb5-4fa4-a97d-d965ccfc6d4b" outcome="NotExecuted" testListId="8c84fa94-04c1-424b-9868-57a2d4851a1d"/>
    <UnitTestResult executionId="10283e2c-6f82-1f5c-6a9b-9c8f60df7fcd" testId="a97d7391-4379-47bb-0cb0-d47b60369a1d" testName="PhantomJS 2.1.1 (Windows 8 0.0.0)_should create" computerName="QJ07307976" duration="00:00:00.000" startTime="2017-09-14T22:57:26" endTime="2017-09-14T22:57:26" testType="13cdc9d9-ddb5-4fa4-a97d-d965ccfc6d4b" outcome="NotExecuted" testListId="8c84fa94-04c1-424b-9868-57a2d4851a1d"/>
    <UnitTestResult executionId="2af9abe2-a9e7-0455-563a-e8e3f6370848" testId="54125534-2a6d-9b3e-923f-e15d60f15635" testName="PhantomJS 2.1.1 (Windows 8 0.0.0)_should return All Corrosion Types" computerName="QJ07307976" duration="00:00:00.000" startTime="2017-09-14T22:57:26" endTime="2017-09-14T22:57:26" testType="13cdc9d9-ddb5-4fa4-a97d-d965ccfc6d4b" outcome="NotExecuted" testListId="8c84fa94-04c1-424b-9868-57a2d4851a1d"/>
    <UnitTestResult executionId="2f12f397-5155-225f-a571-1e3026242b18" testId="28c3abf2-4cdb-dc98-4c39-eb24ea1110e7" testName="PhantomJS 2.1.1 (Windows 8 0.0.0)_should ..." computerName="QJ07307976" duration="00:00:00.000" startTime="2017-09-14T22:57:26" endTime="2017-09-14T22:57:26" testType="13cdc9d9-ddb5-4fa4-a97d-d965ccfc6d4b" outcome="NotExecuted" testListId="8c84fa94-04c1-424b-9868-57a2d4851a1d"/>
    <UnitTestResult executionId="cd664dbe-7582-3961-d430-cb1b4bc04f23" testId="e0840db9-4966-05f7-180b-328df63a8a92" testName="PhantomJS 2.1.1 (Windows 8 0.0.0)_should create" computerName="QJ07307976" duration="00:00:00.000" startTime="2017-09-14T22:57:26" endTime="2017-09-14T22:57:26" testType="13cdc9d9-ddb5-4fa4-a97d-d965ccfc6d4b" outcome="NotExecuted" testListId="8c84fa94-04c1-424b-9868-57a2d4851a1d"/>
    <UnitTestResult executionId="414e79eb-aaed-d638-7391-2ee14af00501" testId="c44febc3-b86b-50e5-603d-54eed0b9fe82" testName="PhantomJS 2.1.1 (Windows 8 0.0.0)_should return All Departments" computerName="QJ07307976" duration="00:00:00.000" startTime="2017-09-14T22:57:26" endTime="2017-09-14T22:57:26" testType="13cdc9d9-ddb5-4fa4-a97d-d965ccfc6d4b" outcome="NotExecuted" testListId="8c84fa94-04c1-424b-9868-57a2d4851a1d"/>
    <UnitTestResult executionId="08ebe89c-d4ec-f3d6-4ac5-08d5c773d51e" testId="eca5c439-9003-18aa-e26f-c8589326c7a9" testName="PhantomJS 2.1.1 (Windows 8 0.0.0)_should ..." computerName="QJ07307976" duration="00:00:00.000" startTime="2017-09-14T22:57:26" endTime="2017-09-14T22:57:26" testType="13cdc9d9-ddb5-4fa4-a97d-d965ccfc6d4b" outcome="NotExecuted" testListId="8c84fa94-04c1-424b-9868-57a2d4851a1d"/>
    <UnitTestResult executionId="acdfc8cc-4b75-93f9-04d9-cb56fe5e4d30" testId="c6395b33-bb69-a176-6ea3-e8880817c466" testName="PhantomJS 2.1.1 (Windows 8 0.0.0)_should ..." computerName="QJ07307976" duration="00:00:00.000" startTime="2017-09-14T22:57:26" endTime="2017-09-14T22:57:26" testType="13cdc9d9-ddb5-4fa4-a97d-d965ccfc6d4b" outcome="NotExecuted" testListId="8c84fa94-04c1-424b-9868-57a2d4851a1d"/>
    <UnitTestResult executionId="a9c1fafc-426f-ec8f-08f9-f9d4750d5752" testId="0c92080a-3ab8-a1ee-1926-2ded16ca3f84" testName="PhantomJS 2.1.1 (Windows 8 0.0.0)_should ..." computerName="QJ07307976" duration="00:00:00.000" startTime="2017-09-14T22:57:26" endTime="2017-09-14T22:57:26" testType="13cdc9d9-ddb5-4fa4-a97d-d965ccfc6d4b" outcome="NotExecuted" testListId="8c84fa94-04c1-424b-9868-57a2d4851a1d"/>
    <UnitTestResult executionId="e6207119-4938-50fa-3096-4ca4699c3fe8" testId="d30df66f-a190-d8da-f1e4-1a5005d19eaa" testName="PhantomJS 2.1.1 (Windows 8 0.0.0)_should ..." computerName="QJ07307976" duration="00:00:00.000" startTime="2017-09-14T22:57:26" endTime="2017-09-14T22:57:26" testType="13cdc9d9-ddb5-4fa4-a97d-d965ccfc6d4b" outcome="NotExecuted" testListId="8c84fa94-04c1-424b-9868-57a2d4851a1d"/>
    <UnitTestResult executionId="0763af8a-9f44-63ad-718b-188914a96b25" testId="ae35a8c8-c51c-c632-c4e3-f800163cae0a" testName="PhantomJS 2.1.1 (Windows 8 0.0.0)_should ..." computerName="QJ07307976" duration="00:00:00.000" startTime="2017-09-14T22:57:26" endTime="2017-09-14T22:57:26" testType="13cdc9d9-ddb5-4fa4-a97d-d965ccfc6d4b" outcome="NotExecuted" testListId="8c84fa94-04c1-424b-9868-57a2d4851a1d"/>
    <UnitTestResult executionId="313774b0-6de8-cd87-22ad-2831e4a79b8d" testId="fe4c45a2-8d5d-de74-f601-2a2bf00eee21" testName="PhantomJS 2.1.1 (Windows 8 0.0.0)_should create" computerName="QJ07307976" duration="00:00:00.000" startTime="2017-09-14T22:57:26" endTime="2017-09-14T22:57:26" testType="13cdc9d9-ddb5-4fa4-a97d-d965ccfc6d4b" outcome="NotExecuted" testListId="8c84fa94-04c1-424b-9868-57a2d4851a1d"/>
    <UnitTestResult executionId="1a089394-e629-3f2c-61dc-b873b770b269" testId="6feac3db-8df3-3434-b7d7-7f7612d1a30c" testName="PhantomJS 2.1.1 (Windows 8 0.0.0)_should return all stations available" computerName="QJ07307976" duration="00:00:00.129" startTime="2017-09-14T22:57:26" endTime="2017-09-14T22:57:26" testType="13cdc9d9-ddb5-4fa4-a97d-d965ccfc6d4b" outcome="Passed" testListId="8c84fa94-04c1-424b-9868-57a2d4851a1d"/>
    <UnitTestResult executionId="2e4544d8-b09d-2215-7916-548cc5ee2681" testId="54a8c445-885f-af5c-f61f-05a66c9873da" testName="PhantomJS 2.1.1 (Windows 8 0.0.0)_should create" computerName="QJ07307976" duration="00:00:00.000" startTime="2017-09-14T22:57:26" endTime="2017-09-14T22:57:26" testType="13cdc9d9-ddb5-4fa4-a97d-d965ccfc6d4b" outcome="NotExecuted" testListId="8c84fa94-04c1-424b-9868-57a2d4851a1d"/>
    <UnitTestResult executionId="ec7ecac3-8157-2974-0c75-b4e510fc8540" testId="43efc980-e632-e114-9ea0-0ff79da9f26f" testName="PhantomJS 2.1.1 (Windows 8 0.0.0)_should create" computerName="QJ07307976" duration="00:00:00.000" startTime="2017-09-14T22:57:27" endTime="2017-09-14T22:57:27" testType="13cdc9d9-ddb5-4fa4-a97d-d965ccfc6d4b" outcome="NotExecuted" testListId="8c84fa94-04c1-424b-9868-57a2d4851a1d"/>
    <UnitTestResult executionId="123a5bc3-12e8-60dd-0a07-1330a12520d3" testId="595778eb-3381-c06a-a9e7-07d3ec6b35df" testName="PhantomJS 2.1.1 (Windows 8 0.0.0)_should create" computerName="QJ07307976" duration="00:00:00.000" startTime="2017-09-14T22:57:27" endTime="2017-09-14T22:57:27" testType="13cdc9d9-ddb5-4fa4-a97d-d965ccfc6d4b" outcome="NotExecuted" testListId="8c84fa94-04c1-424b-9868-57a2d4851a1d"/>
    <UnitTestResult executionId="39bc4172-1d10-4e64-7a93-c191d2c6cc36" testId="de09378c-fc3a-984e-85da-08403311ac42" testName="PhantomJS 2.1.1 (Windows 8 0.0.0)_should create" computerName="QJ07307976" duration="00:00:00.000" startTime="2017-09-14T22:57:27" endTime="2017-09-14T22:57:27" testType="13cdc9d9-ddb5-4fa4-a97d-d965ccfc6d4b" outcome="NotExecuted" testListId="8c84fa94-04c1-424b-9868-57a2d4851a1d"/>
    <UnitTestResult executionId="58d33817-2474-c26e-a0f8-74d6b0556fcf" testId="96d3f71d-09e7-d2f1-222a-6b4c61740804" testName="PhantomJS 2.1.1 (Windows 8 0.0.0)_should create" computerName="QJ07307976" duration="00:00:00.000" startTime="2017-09-14T22:57:27" endTime="2017-09-14T22:57:27" testType="13cdc9d9-ddb5-4fa4-a97d-d965ccfc6d4b" outcome="NotExecuted" testListId="8c84fa94-04c1-424b-9868-57a2d4851a1d"/>
    <UnitTestResult executionId="afecbdc9-ad27-11b8-878e-ba6983333d5f" testId="7dc9c47a-b986-5e8f-01b9-713e746ee6e8" testName="PhantomJS 2.1.1 (Windows 8 0.0.0)_should create the app" computerName="QJ07307976" duration="00:00:00.000" startTime="2017-09-14T22:57:27" endTime="2017-09-14T22:57:27" testType="13cdc9d9-ddb5-4fa4-a97d-d965ccfc6d4b" outcome="NotExecuted" testListId="8c84fa94-04c1-424b-9868-57a2d4851a1d"/>
    <UnitTestResult executionId="0135da1f-ef07-bc30-bc05-36df7180a40c" testId="86ff77dd-424d-595f-ec00-21cf09e85ec1" testName="PhantomJS 2.1.1 (Windows 8 0.0.0)_should have as title &apos;app works!&apos;" computerName="QJ07307976" duration="00:00:00.000" startTime="2017-09-14T22:57:27" endTime="2017-09-14T22:57:27" testType="13cdc9d9-ddb5-4fa4-a97d-d965ccfc6d4b" outcome="NotExecuted" testListId="8c84fa94-04c1-424b-9868-57a2d4851a1d"/>
    <UnitTestResult executionId="7685cf79-119d-ce8f-a196-fec726e11ddc" testId="7ccef520-0107-883b-8b66-ba876925c439" testName="PhantomJS 2.1.1 (Windows 8 0.0.0)_should render title in a h1 tag" computerName="QJ07307976" duration="00:00:00.000" startTime="2017-09-14T22:57:27" endTime="2017-09-14T22:57:27" testType="13cdc9d9-ddb5-4fa4-a97d-d965ccfc6d4b" outcome="NotExecuted" testListId="8c84fa94-04c1-424b-9868-57a2d4851a1d"/>
    <UnitTestResult executionId="8de2bf1e-637b-f309-c77c-6708b0ea3126" testId="f5213762-b743-9325-fa55-acb5786ead02" testName="PhantomJS 2.1.1 (Windows 8 0.0.0)_should create" computerName="QJ07307976" duration="00:00:00.000" startTime="2017-09-14T22:57:27" endTime="2017-09-14T22:57:27" testType="13cdc9d9-ddb5-4fa4-a97d-d965ccfc6d4b" outcome="NotExecuted" testListId="8c84fa94-04c1-424b-9868-57a2d4851a1d"/>
    <UnitTestResult executionId="7ddb4738-d9fe-ac5b-dbc9-665252529988" testId="3784b95d-c140-7b38-f4e1-fca2d3bc4885" testName="PhantomJS 2.1.1 (Windows 8 0.0.0)_should create" computerName="QJ07307976" duration="00:00:00.000" startTime="2017-09-14T22:57:27" endTime="2017-09-14T22:57:27" testType="13cdc9d9-ddb5-4fa4-a97d-d965ccfc6d4b" outcome="NotExecuted" testListId="8c84fa94-04c1-424b-9868-57a2d4851a1d"/>
    <UnitTestResult executionId="7c406ea5-de82-cb40-d946-77bec807d9f6" testId="6a803544-dca7-3d9c-5c7c-9ca3b89a3dfd" testName="PhantomJS 2.1.1 (Windows 8 0.0.0)_should create" computerName="QJ07307976" duration="00:00:00.000" startTime="2017-09-14T22:57:27" endTime="2017-09-14T22:57:27" testType="13cdc9d9-ddb5-4fa4-a97d-d965ccfc6d4b" outcome="NotExecuted" testListId="8c84fa94-04c1-424b-9868-57a2d4851a1d"/>
    <UnitTestResult executionId="5ad6f74d-2d81-358c-9b20-55825a86033e" testId="9aa8bb95-d126-0c00-f365-fc913d570554" testName="PhantomJS 2.1.1 (Windows 8 0.0.0)_should create" computerName="QJ07307976" duration="00:00:00.000" startTime="2017-09-14T22:57:27" endTime="2017-09-14T22:57:27" testType="13cdc9d9-ddb5-4fa4-a97d-d965ccfc6d4b" outcome="NotExecuted" testListId="8c84fa94-04c1-424b-9868-57a2d4851a1d"/>
    <UnitTestResult executionId="1f491586-2237-b443-920e-174c9391b4b9" testId="d56f0e34-adfa-ebf9-8829-3b586cf76e62" testName="PhantomJS 2.1.1 (Windows 8 0.0.0)_should create" computerName="QJ07307976" duration="00:00:00.000" startTime="2017-09-14T22:57:27" endTime="2017-09-14T22:57:27" testType="13cdc9d9-ddb5-4fa4-a97d-d965ccfc6d4b" outcome="NotExecuted" testListId="8c84fa94-04c1-424b-9868-57a2d4851a1d"/>
    <UnitTestResult executionId="217ab014-d7a3-a202-3919-4f47ece72e8c" testId="b3666e11-24d3-3e85-fd94-c912ef5cdcbd" testName="PhantomJS 2.1.1 (Windows 8 0.0.0)_should create" computerName="QJ07307976" duration="00:00:00.000" startTime="2017-09-14T22:57:27" endTime="2017-09-14T22:57:27" testType="13cdc9d9-ddb5-4fa4-a97d-d965ccfc6d4b" outcome="NotExecuted" testListId="8c84fa94-04c1-424b-9868-57a2d4851a1d"/>
    <UnitTestResult executionId="2bfc46ce-60e6-5e24-8027-d0e99ba227f4" testId="743271a2-933f-2cd2-00af-d71cf00bfb83" testName="PhantomJS 2.1.1 (Windows 8 0.0.0)_should create" computerName="QJ07307976" duration="00:00:00.000" startTime="2017-09-14T22:57:27" endTime="2017-09-14T22:57:27" testType="13cdc9d9-ddb5-4fa4-a97d-d965ccfc6d4b" outcome="NotExecuted" testListId="8c84fa94-04c1-424b-9868-57a2d4851a1d"/>
    <UnitTestResult executionId="076f760f-75e9-eca8-f187-942738debc84" testId="6f07f30f-0818-e8f1-e93e-fa87d12c6376" testName="PhantomJS 2.1.1 (Windows 8 0.0.0)_should create" computerName="QJ07307976" duration="00:00:00.000" startTime="2017-09-14T22:57:27" endTime="2017-09-14T22:57:27" testType="13cdc9d9-ddb5-4fa4-a97d-d965ccfc6d4b" outcome="NotExecuted" testListId="8c84fa94-04c1-424b-9868-57a2d4851a1d"/>
    <UnitTestResult executionId="6edc9fde-0845-3859-5df6-1c2b13224047" testId="773fe3df-7f8d-2943-43b5-1f8e9684c591" testName="PhantomJS 2.1.1 (Windows 8 0.0.0)_should create" computerName="QJ07307976" duration="00:00:00.000" startTime="2017-09-14T22:57:27" endTime="2017-09-14T22:57:27" testType="13cdc9d9-ddb5-4fa4-a97d-d965ccfc6d4b" outcome="NotExecuted" testListId="8c84fa94-04c1-424b-9868-57a2d4851a1d"/>
    <UnitTestResult executionId="3b6cbc3f-5ac9-c199-c429-46cc572501a7" testId="ff3086b0-3f7b-d138-12e8-8ff5c29ee1c5" testName="PhantomJS 2.1.1 (Windows 8 0.0.0)_should create" computerName="QJ07307976" duration="00:00:00.000" startTime="2017-09-14T22:57:27" endTime="2017-09-14T22:57:27" testType="13cdc9d9-ddb5-4fa4-a97d-d965ccfc6d4b" outcome="NotExecuted" testListId="8c84fa94-04c1-424b-9868-57a2d4851a1d"/>
    <UnitTestResult executionId="e516875c-76c2-7c40-8b11-6236c47e4838" testId="947c22ed-bb56-713c-cc1a-3792f38f5f5f" testName="PhantomJS 2.1.1 (Windows 8 0.0.0)_should create" computerName="QJ07307976" duration="00:00:00.000" startTime="2017-09-14T22:57:27" endTime="2017-09-14T22:57:27" testType="13cdc9d9-ddb5-4fa4-a97d-d965ccfc6d4b" outcome="NotExecuted" testListId="8c84fa94-04c1-424b-9868-57a2d4851a1d"/>
    <UnitTestResult executionId="62b5d2e1-5845-316e-5991-81c774d56123" testId="b20566f0-2050-d32a-d076-79f00c8ddd50" testName="PhantomJS 2.1.1 (Windows 8 0.0.0)_should create" computerName="QJ07307976" duration="00:00:00.000" startTime="2017-09-14T22:57:27" endTime="2017-09-14T22:57:27" testType="13cdc9d9-ddb5-4fa4-a97d-d965ccfc6d4b" outcome="NotExecuted" testListId="8c84fa94-04c1-424b-9868-57a2d4851a1d"/>
    <UnitTestResult executionId="ff14b011-c47f-b298-0c6e-9f21ccdbe010" testId="9550a0ab-10fc-025b-f9a9-f90b0a1a632f" testName="PhantomJS 2.1.1 (Windows 8 0.0.0)_should create" computerName="QJ07307976" duration="00:00:00.000" startTime="2017-09-14T22:57:27" endTime="2017-09-14T22:57:27" testType="13cdc9d9-ddb5-4fa4-a97d-d965ccfc6d4b" outcome="NotExecuted" testListId="8c84fa94-04c1-424b-9868-57a2d4851a1d"/>
    <UnitTestResult executionId="b0b19985-a735-7e59-1b8a-c11a4d1653a4" testId="7ab1d3dc-e992-cd79-4cda-8db6c0f45bf5" testName="PhantomJS 2.1.1 (Windows 8 0.0.0)_should get ATA Codes from service" computerName="QJ07307976" duration="00:00:00.000" startTime="2017-09-14T22:57:27" endTime="2017-09-14T22:57:27" testType="13cdc9d9-ddb5-4fa4-a97d-d965ccfc6d4b" outcome="NotExecuted" testListId="8c84fa94-04c1-424b-9868-57a2d4851a1d"/>
[...]
      <Output>
        <ErrorInfo>
          <Message>Error: Illegal state: Could not load the summary for directive SearchByCorrosionComponent. in src/test.ts (line 100972)
_reportError@webpack:///~/@angular/compiler/@angular/compiler.es5.js:15996:0 &lt;- src/test.ts:100972:24
getDirectiveSummary@webpack:///~/@angular/compiler/@angular/compiler.es5.js:15272:0 &lt;- src/test.ts:100248:30
getComponentFactory@webpack:///~/@angular/compiler/@angular/compiler.es5.js:26733:25 &lt;- src/test.ts:111709:82
getComponentFactory@webpack:///~/@angular/compiler/bundles/compiler-testing.umd.js:517:0 &lt;- src/test.ts:139434:50
createComponent@webpack:///~/@angular/core/bundles/core-testing.umd.js:909:0 &lt;- src/test.ts:26849:66
createComponent@webpack:///~/@angular/core/bundles/core-testing.umd.js:687:0 &lt;- src/test.ts:26627:44
webpack:///src/app/components/search/search.spec.ts:58:48 &lt;- src/test.ts:47881:56
invoke@webpack:///~/zone.js/dist/zone.js:391:0 &lt;- src/polyfills.ts:3039:31
onInvoke@webpack:///~/zone.js/dist/proxy.js:79:0 &lt;- src/test.ts:138480:45
invoke@webpack:///~/zone.js/dist/zone.js:390:0 &lt;- src/polyfills.ts:3038:40
run@webpack:///~/zone.js/dist/zone.js:141:0 &lt;- src/polyfills.ts:2789:49
webpack:///~/zone.js/dist/jasmine-patch.js:104:0 &lt;- src/test.ts:138179:37
webpack:///~/@angular/core/bundles/core-testing.umd.js:127:0 &lt;- src/test.ts:26067:31
invoke@webpack:///~/zone.js/dist/zone.js:391:0 &lt;- src/polyfills.ts:3039:31
onInvoke@webpack:///~/zone.js/dist/async-test.js:49:0 &lt;- src/test.ts:137718:45
onInvoke@webpack:///~/zone.js/dist/proxy.js:76:0 &lt;- src/test.ts:138477:47
invoke@webpack:///~/zone.js/dist/zone.js:390:0 &lt;- src/polyfills.ts:3038:40
run@webpack:///~/zone.js/dist/zone.js:141:0 &lt;- src/polyfills.ts:2789:49
webpack:///~/@angular/core/bundles/core-testing.umd.js:122:0 &lt;- src/test.ts:26062:28
webpack:///~/zone.js/dist/async-test.js:38:0 &lt;- src/test.ts:137707:46
invokeTask@webpack:///~/zone.js/dist/zone.js:424:0 &lt;- src/polyfills.ts:3072:36
runTask@webpack:///~/zone.js/dist/zone.js:191:0 &lt;- src/polyfills.ts:2839:57
invoke@webpack:///~/zone.js/dist/zone.js:486:0 &lt;- src/polyfills.ts:3134:45
timer@webpack:///~/zone.js/dist/zone.js:1540:0 &lt;- src/polyfills.ts:4188:34
</Message>
        </ErrorInfo>
      </Output>
    </UnitTestResult>
    <UnitTestResult executionId="af729aca-2059-8497-aed9-fa625c6244e6" testId="7ca714c6-9e23-a243-8dda-b50f32471ee0" testName="PhantomJS 2.1.1 (Windows 8 0.0.0)_SearchByCpcpDispositionComponent should create" computerName="QJ07307976" duration="00:00:00.714" startTime="2017-09-14T22:57:35" endTime="2017-09-14T22:57:35" testType="13cdc9d9-ddb5-4fa4-a97d-d965ccfc6d4b" outcome="Failed" testListId="8c84fa94-04c1-424b-9868-57a2d4851a1d">
      <Output>
        <ErrorInfo>
          <Message>Error: Illegal state: Could not load the summary for directive SearchByCpcpDispositionComponent. in src/test.ts (line 100972)
_reportError@webpack:///~/@angular/compiler/@angular/compiler.es5.js:15996:0 &lt;- src/test.ts:100972:24
getDirectiveSummary@webpack:///~/@angular/compiler/@angular/compiler.es5.js:15272:0 &lt;- src/test.ts:100248:30
getComponentFactory@webpack:///~/@angular/compiler/@angular/compiler.es5.js:26733:25 &lt;- src/test.ts:111709:82
getComponentFactory@webpack:///~/@angular/compiler/bundles/compiler-testing.umd.js:517:0 &lt;- src/test.ts:139434:50
createComponent@webpack:///~/@angular/core/bundles/core-testing.umd.js:909:0 &lt;- src/test.ts:26849:66
createComponent@webpack:///~/@angular/core/bundles/core-testing.umd.js:687:0 &lt;- src/test.ts:26627:44
webpack:///src/app/components/search/search.spec.ts:66:48 &lt;- src/test.ts:47887:56
invoke@webpack:///~/zone.js/dist/zone.js:391:0 &lt;- src/polyfills.ts:3039:31
onInvoke@webpack:///~/zone.js/dist/proxy.js:79:0 &lt;- src/test.ts:138480:45
invoke@webpack:///~/zone.js/dist/zone.js:390:0 &lt;- src/polyfills.ts:3038:40
run@webpack:///~/zone.js/dist/zone.js:141:0 &lt;- src/polyfills.ts:2789:49
webpack:///~/zone.js/dist/jasmine-patch.js:104:0 &lt;- src/test.ts:138179:37
webpack:///~/@angular/core/bundles/core-testing.umd.js:127:0 &lt;- src/test.ts:26067:31
invoke@webpack:///~/zone.js/dist/zone.js:391:0 &lt;- src/polyfills.ts:3039:31
onInvoke@webpack:///~/zone.js/dist/async-test.js:49:0 &lt;- src/test.ts:137718:45
onInvoke@webpack:///~/zone.js/dist/proxy.js:76:0 &lt;- src/test.ts:138477:47
invoke@webpack:///~/zone.js/dist/zone.js:390:0 &lt;- src/polyfills.ts:3038:40
run@webpack:///~/zone.js/dist/zone.js:141:0 &lt;- src/polyfills.ts:2789:49
webpack:///~/@angular/core/bundles/core-testing.umd.js:122:0 &lt;- src/test.ts:26062:28
webpack:///~/zone.js/dist/async-test.js:38:0 &lt;- src/test.ts:137707:46
invokeTask@webpack:///~/zone.js/dist/zone.js:424:0 &lt;- src/polyfills.ts:3072:36
runTask@webpack:///~/zone.js/dist/zone.js:191:0 &lt;- src/polyfills.ts:2839:57
invoke@webpack:///~/zone.js/dist/zone.js:486:0 &lt;- src/polyfills.ts:3134:45
timer@webpack:///~/zone.js/dist/zone.js:1540:0 &lt;- src/polyfills.ts:4188:34
</Message>
        </ErrorInfo>
      </Output>
    </UnitTestResult>
    <UnitTestResult executionId="05c1b2b0-8bba-865a-f811-1ceda12b1569" testId="68d9bac9-4857-e09e-3f17-0a1d5f5a1485" testName="PhantomJS 2.1.1 (Windows 8 0.0.0)_SearchByDateRangeComponent should create" computerName="QJ07307976" duration="00:00:00.733" startTime="2017-09-14T22:57:36" endTime="2017-09-14T22:57:36" testType="13cdc9d9-ddb5-4fa4-a97d-d965ccfc6d4b" outcome="Failed" testListId="8c84fa94-04c1-424b-9868-57a2d4851a1d">
      <Output>
        <ErrorInfo>
          <Message>Error: Illegal state: Could not load the summary for directive SearchByDateRangeComponent. in src/test.ts (line 100972)
_reportError@webpack:///~/@angular/compiler/@angular/compiler.es5.js:15996:0 &lt;- src/test.ts:100972:24
getDirectiveSummary@webpack:///~/@angular/compiler/@angular/compiler.es5.js:15272:0 &lt;- src/test.ts:100248:30
getComponentFactory@webpack:///~/@angular/compiler/@angular/compiler.es5.js:26733:25 &lt;- src/test.ts:111709:82
getComponentFactory@webpack:///~/@angular/compiler/bundles/compiler-testing.umd.js:517:0 &lt;- src/test.ts:139434:50
createComponent@webpack:///~/@angular/core/bundles/core-testing.umd.js:909:0 &lt;- src/test.ts:26849:66
createComponent@webpack:///~/@angular/core/bundles/core-testing.umd.js:687:0 &lt;- src/test.ts:26627:44
webpack:///src/app/components/search/search.spec.ts:74:48 &lt;- src/test.ts:47893:56
invoke@webpack:///~/zone.js/dist/zone.js:391:0 &lt;- src/polyfills.ts:3039:31
onInvoke@webpack:///~/zone.js/dist/proxy.js:79:0 &lt;- src/test.ts:138480:45
invoke@webpack:///~/zone.js/dist/zone.js:390:0 &lt;- src/polyfills.ts:3038:40
run@webpack:///~/zone.js/dist/zone.js:141:0 &lt;- src/polyfills.ts:2789:49
webpack:///~/zone.js/dist/jasmine-patch.js:104:0 &lt;- src/test.ts:138179:37
webpack:///~/@angular/core/bundles/core-testing.umd.js:127:0 &lt;- src/test.ts:26067:31
invoke@webpack:///~/zone.js/dist/zone.js:391:0 &lt;- src/polyfills.ts:3039:31
onInvoke@webpack:///~/zone.js/dist/async-test.js:49:0 &lt;- src/test.ts:137718:45
onInvoke@webpack:///~/zone.js/dist/proxy.js:76:0 &lt;- src/test.ts:138477:47
invoke@webpack:///~/zone.js/dist/zone.js:390:0 &lt;- src/polyfills.ts:3038:40
run@webpack:///~/zone.js/dist/zone.js:141:0 &lt;- src/polyfills.ts:2789:49
webpack:///~/@angular/core/bundles/core-testing.umd.js:122:0 &lt;- src/test.ts:26062:28
webpack:///~/zone.js/dist/async-test.js:38:0 &lt;- src/test.ts:137707:46
invokeTask@webpack:///~/zone.js/dist/zone.js:424:0 &lt;- src/polyfills.ts:3072:36
runTask@webpack:///~/zone.js/dist/zone.js:191:0 &lt;- src/polyfills.ts:2839:57
invoke@webpack:///~/zone.js/dist/zone.js:486:0 &lt;- src/polyfills.ts:3134:45
timer@webpack:///~/zone.js/dist/zone.js:1540:0 &lt;- src/polyfills.ts:4188:34
</Message>
        </ErrorInfo>
      </Output>
    </UnitTestResult>
    <UnitTestResult executionId="a5489544-3df8-8d15-8839-9ce28f1fc937" testId="a0978d42-4e3b-00ea-d772-9fc0a67fc78b" testName="PhantomJS 2.1.1 (Windows 8 0.0.0)_SearchByDefectComponent should create" computerName="QJ07307976" duration="00:00:00.702" startTime="2017-09-14T22:57:36" endTime="2017-09-14T22:57:36" testType="13cdc9d9-ddb5-4fa4-a97d-d965ccfc6d4b" outcome="Failed" testListId="8c84fa94-04c1-424b-9868-57a2d4851a1d">
      <Output>
        <ErrorInfo>
          <Message>Error: Illegal state: Could not load the summary for directive SearchByDefectComponent. in src/test.ts (line 100972)
_reportError@webpack:///~/@angular/compiler/@angular/compiler.es5.js:15996:0 &lt;- src/test.ts:100972:24
getDirectiveSummary@webpack:///~/@angular/compiler/@angular/compiler.es5.js:15272:0 &lt;- src/test.ts:100248:30
getComponentFactory@webpack:///~/@angular/compiler/@angular/compiler.es5.js:26733:25 &lt;- src/test.ts:111709:82
getComponentFactory@webpack:///~/@angular/compiler/bundles/compiler-testing.umd.js:517:0 &lt;- src/test.ts:139434:50
createComponent@webpack:///~/@angular/core/bundles/core-testing.umd.js:909:0 &lt;- src/test.ts:26849:66
createComponent@webpack:///~/@angular/core/bundles/core-testing.umd.js:687:0 &lt;- src/test.ts:26627:44
webpack:///src/app/components/search/search.spec.ts:82:48 &lt;- src/test.ts:47899:56
invoke@webpack:///~/zone.js/dist/zone.js:391:0 &lt;- src/polyfills.ts:3039:31
onInvoke@webpack:///~/zone.js/dist/proxy.js:79:0 &lt;- src/test.ts:138480:45
invoke@webpack:///~/zone.js/dist/zone.js:390:0 &lt;- src/polyfills.ts:3038:40
run@webpack:///~/zone.js/dist/zone.js:141:0 &lt;- src/polyfills.ts:2789:49
webpack:///~/zone.js/dist/jasmine-patch.js:104:0 &lt;- src/test.ts:138179:37
webpack:///~/@angular/core/bundles/core-testing.umd.js:127:0 &lt;- src/test.ts:26067:31
invoke@webpack:///~/zone.js/dist/zone.js:391:0 &lt;- src/polyfills.ts:3039:31
onInvoke@webpack:///~/zone.js/dist/async-test.js:49:0 &lt;- src/test.ts:137718:45
onInvoke@webpack:///~/zone.js/dist/proxy.js:76:0 &lt;- src/test.ts:138477:47
invoke@webpack:///~/zone.js/dist/zone.js:390:0 &lt;- src/polyfills.ts:3038:40
run@webpack:///~/zone.js/dist/zone.js:141:0 &lt;- src/polyfills.ts:2789:49
webpack:///~/@angular/core/bundles/core-testing.umd.js:122:0 &lt;- src/test.ts:26062:28
webpack:///~/zone.js/dist/async-test.js:38:0 &lt;- src/test.ts:137707:46
invokeTask@webpack:///~/zone.js/dist/zone.js:424:0 &lt;- src/polyfills.ts:3072:36
runTask@webpack:///~/zone.js/dist/zone.js:191:0 &lt;- src/polyfills.ts:2839:57
invoke@webpack:///~/zone.js/dist/zone.js:486:0 &lt;- src/polyfills.ts:3134:45
timer@webpack:///~/zone.js/dist/zone.js:1540:0 &lt;- src/polyfills.ts:4188:34
</Message>
        </ErrorInfo>
      </Output>
    </UnitTestResult>
    <UnitTestResult executionId="289bc9c6-4138-05ec-578a-69507839de60" testId="92b9a44d-819a-4e6b-8de7-580739166fe2" testName="PhantomJS 2.1.1 (Windows 8 0.0.0)_SearchByMaintenanceComponent should create" computerName="QJ07307976" duration="00:00:00.564" startTime="2017-09-14T22:57:37" endTime="2017-09-14T22:57:37" testType="13cdc9d9-ddb5-4fa4-a97d-d965ccfc6d4b" outcome="Failed" testListId="8c84fa94-04c1-424b-9868-57a2d4851a1d">
      <Output>
        <ErrorInfo>
          <Message>Error: Illegal state: Could not load the summary for directive SearchByMaintenanceComponent. in src/test.ts (line 100972)
_reportError@webpack:///~/@angular/compiler/@angular/compiler.es5.js:15996:0 &lt;- src/test.ts:100972:24
getDirectiveSummary@webpack:///~/@angular/compiler/@angular/compiler.es5.js:15272:0 &lt;- src/test.ts:100248:30
getComponentFactory@webpack:///~/@angular/compiler/@angular/compiler.es5.js:26733:25 &lt;- src/test.ts:111709:82
getComponentFactory@webpack:///~/@angular/compiler/bundles/compiler-testing.umd.js:517:0 &lt;- src/test.ts:139434:50
createComponent@webpack:///~/@angular/core/bundles/core-testing.umd.js:909:0 &lt;- src/test.ts:26849:66
createComponent@webpack:///~/@angular/core/bundles/core-testing.umd.js:687:0 &lt;- src/test.ts:26627:44
webpack:///src/app/components/search/search.spec.ts:90:48 &lt;- src/test.ts:47905:56
invoke@webpack:///~/zone.js/dist/zone.js:391:0 &lt;- src/polyfills.ts:3039:31
onInvoke@webpack:///~/zone.js/dist/proxy.js:79:0 &lt;- src/test.ts:138480:45
invoke@webpack:///~/zone.js/dist/zone.js:390:0 &lt;- src/polyfills.ts:3038:40
run@webpack:///~/zone.js/dist/zone.js:141:0 &lt;- src/polyfills.ts:2789:49
webpack:///~/zone.js/dist/jasmine-patch.js:104:0 &lt;- src/test.ts:138179:37
webpack:///~/@angular/core/bundles/core-testing.umd.js:127:0 &lt;- src/test.ts:26067:31
invoke@webpack:///~/zone.js/dist/zone.js:391:0 &lt;- src/polyfills.ts:3039:31
onInvoke@webpack:///~/zone.js/dist/async-test.js:49:0 &lt;- src/test.ts:137718:45
onInvoke@webpack:///~/zone.js/dist/proxy.js:76:0 &lt;- src/test.ts:138477:47
invoke@webpack:///~/zone.js/dist/zone.js:390:0 &lt;- src/polyfills.ts:3038:40
run@webpack:///~/zone.js/dist/zone.js:141:0 &lt;- src/polyfills.ts:2789:49
webpack:///~/@angular/core/bundles/core-testing.umd.js:122:0 &lt;- src/test.ts:26062:28
webpack:///~/zone.js/dist/async-test.js:38:0 &lt;- src/test.ts:137707:46
invokeTask@webpack:///~/zone.js/dist/zone.js:424:0 &lt;- src/polyfills.ts:3072:36
runTask@webpack:///~/zone.js/dist/zone.js:191:0 &lt;- src/polyfills.ts:2839:57
invoke@webpack:///~/zone.js/dist/zone.js:486:0 &lt;- src/polyfills.ts:3134:45
timer@webpack:///~/zone.js/dist/zone.js:1540:0 &lt;- src/polyfills.ts:4188:34
</Message>
        </ErrorInfo>
      </Output>
    </UnitTestResult>
    <UnitTestResult executionId="bcae2929-fa59-2e8e-6080-c27325106b7f" testId="fd5c0907-d7d1-3005-72de-a0789ce25a8b" testName="PhantomJS 2.1.1 (Windows 8 0.0.0)_SearchByPartComponent should create" computerName="QJ07307976" duration="00:00:00.770" startTime="2017-09-14T22:57:37" endTime="2017-09-14T22:57:37" testType="13cdc9d9-ddb5-4fa4-a97d-d965ccfc6d4b" outcome="Failed" testListId="8c84fa94-04c1-424b-9868-57a2d4851a1d">
      <Output>
        <ErrorInfo>
          <Message>Error: Illegal state: Could not load the summary for directive SearchByPartComponent. in src/test.ts (line 100972)
_reportError@webpack:///~/@angular/compiler/@angular/compiler.es5.js:15996:0 &lt;- src/test.ts:100972:24
getDirectiveSummary@webpack:///~/@angular/compiler/@angular/compiler.es5.js:15272:0 &lt;- src/test.ts:100248:30
getComponentFactory@webpack:///~/@angular/compiler/@angular/compiler.es5.js:26733:25 &lt;- src/test.ts:111709:82
getComponentFactory@webpack:///~/@angular/compiler/bundles/compiler-testing.umd.js:517:0 &lt;- src/test.ts:139434:50
createComponent@webpack:///~/@angular/core/bundles/core-testing.umd.js:909:0 &lt;- src/test.ts:26849:66
createComponent@webpack:///~/@angular/core/bundles/core-testing.umd.js:687:0 &lt;- src/test.ts:26627:44
webpack:///src/app/components/search/search.spec.ts:98:48 &lt;- src/test.ts:47911:56
invoke@webpack:///~/zone.js/dist/zone.js:391:0 &lt;- src/polyfills.ts:3039:31
onInvoke@webpack:///~/zone.js/dist/proxy.js:79:0 &lt;- src/test.ts:138480:45
invoke@webpack:///~/zone.js/dist/zone.js:390:0 &lt;- src/polyfills.ts:3038:40
run@webpack:///~/zone.js/dist/zone.js:141:0 &lt;- src/polyfills.ts:2789:49
webpack:///~/zone.js/dist/jasmine-patch.js:104:0 &lt;- src/test.ts:138179:37
webpack:///~/@angular/core/bundles/core-testing.umd.js:127:0 &lt;- src/test.ts:26067:31
invoke@webpack:///~/zone.js/dist/zone.js:391:0 &lt;- src/polyfills.ts:3039:31
onInvoke@webpack:///~/zone.js/dist/async-test.js:49:0 &lt;- src/test.ts:137718:45
onInvoke@webpack:///~/zone.js/dist/proxy.js:76:0 &lt;- src/test.ts:138477:47
invoke@webpack:///~/zone.js/dist/zone.js:390:0 &lt;- src/polyfills.ts:3038:40
run@webpack:///~/zone.js/dist/zone.js:141:0 &lt;- src/polyfills.ts:2789:49
webpack:///~/@angular/core/bundles/core-testing.umd.js:122:0 &lt;- src/test.ts:26062:28
webpack:///~/zone.js/dist/async-test.js:38:0 &lt;- src/test.ts:137707:46
invokeTask@webpack:///~/zone.js/dist/zone.js:424:0 &lt;- src/polyfills.ts:3072:36
runTask@webpack:///~/zone.js/dist/zone.js:191:0 &lt;- src/polyfills.ts:2839:57
invoke@webpack:///~/zone.js/dist/zone.js:486:0 &lt;- src/polyfills.ts:3134:45
timer@webpack:///~/zone.js/dist/zone.js:1540:0 &lt;- src/polyfills.ts:4188:34
</Message>
        </ErrorInfo>
      </Output>
    </UnitTestResult>
    <UnitTestResult executionId="35c1ad9c-b9ad-8b93-e33a-9a6bb9487b34" testId="d34e8120-270c-7f97-fb0b-642ab93cddc0" testName="PhantomJS 2.1.1 (Windows 8 0.0.0)_SearchBySdaFormComponent should create" computerName="QJ07307976" duration="00:00:00.560" startTime="2017-09-14T22:57:38" endTime="2017-09-14T22:57:38" testType="13cdc9d9-ddb5-4fa4-a97d-d965ccfc6d4b" outcome="Failed" testListId="8c84fa94-04c1-424b-9868-57a2d4851a1d">
      <Output>
        <ErrorInfo>
          <Message>Error: Illegal state: Could not load the summary for directive SearchBySdaFormComponent. in src/test.ts (line 100972)
_reportError@webpack:///~/@angular/compiler/@angular/compiler.es5.js:15996:0 &lt;- src/test.ts:100972:24
getDirectiveSummary@webpack:///~/@angular/compiler/@angular/compiler.es5.js:15272:0 &lt;- src/test.ts:100248:30
getComponentFactory@webpack:///~/@angular/compiler/@angular/compiler.es5.js:26733:25 &lt;- src/test.ts:111709:82
getComponentFactory@webpack:///~/@angular/compiler/bundles/compiler-testing.umd.js:517:0 &lt;- src/test.ts:139434:50
createComponent@webpack:///~/@angular/core/bundles/core-testing.umd.js:909:0 &lt;- src/test.ts:26849:66
createComponent@webpack:///~/@angular/core/bundles/core-testing.umd.js:687:0 &lt;- src/test.ts:26627:44
webpack:///src/app/components/search/search.spec.ts:106:48 &lt;- src/test.ts:47917:56
invoke@webpack:///~/zone.js/dist/zone.js:391:0 &lt;- src/polyfills.ts:3039:31
onInvoke@webpack:///~/zone.js/dist/proxy.js:79:0 &lt;- src/test.ts:138480:45
invoke@webpack:///~/zone.js/dist/zone.js:390:0 &lt;- src/polyfills.ts:3038:40
run@webpack:///~/zone.js/dist/zone.js:141:0 &lt;- src/polyfills.ts:2789:49
webpack:///~/zone.js/dist/jasmine-patch.js:104:0 &lt;- src/test.ts:138179:37
webpack:///~/@angular/core/bundles/core-testing.umd.js:127:0 &lt;- src/test.ts:26067:31
invoke@webpack:///~/zone.js/dist/zone.js:391:0 &lt;- src/polyfills.ts:3039:31
onInvoke@webpack:///~/zone.js/dist/async-test.js:49:0 &lt;- src/test.ts:137718:45
onInvoke@webpack:///~/zone.js/dist/proxy.js:76:0 &lt;- src/test.ts:138477:47
invoke@webpack:///~/zone.js/dist/zone.js:390:0 &lt;- src/polyfills.ts:3038:40
run@webpack:///~/zone.js/dist/zone.js:141:0 &lt;- src/polyfills.ts:2789:49
webpack:///~/@angular/core/bundles/core-testing.umd.js:122:0 &lt;- src/test.ts:26062:28
webpack:///~/zone.js/dist/async-test.js:38:0 &lt;- src/test.ts:137707:46
invokeTask@webpack:///~/zone.js/dist/zone.js:424:0 &lt;- src/polyfills.ts:3072:36
runTask@webpack:///~/zone.js/dist/zone.js:191:0 &lt;- src/polyfills.ts:2839:57
invoke@webpack:///~/zone.js/dist/zone.js:486:0 &lt;- src/polyfills.ts:3134:45
timer@webpack:///~/zone.js/dist/zone.js:1540:0 &lt;- src/polyfills.ts:4188:34
</Message>
        </ErrorInfo>
      </Output>
    </UnitTestResult>
    <UnitTestResult executionId="2c0b4ba5-8781-c0af-f6ac-4f015d96618f" testId="2ef6c5c0-e6f7-123a-c103-978548fa549f" testName="PhantomJS 2.1.1 (Windows 8 0.0.0)_SearchByStatusComponent should create" computerName="QJ07307976" duration="00:00:00.688" startTime="2017-09-14T22:57:39" endTime="2017-09-14T22:57:39" testType="13cdc9d9-ddb5-4fa4-a97d-d965ccfc6d4b" outcome="Passed" testListId="8c84fa94-04c1-424b-9868-57a2d4851a1d"/>
    <UnitTestResult executionId="ae5abbca-f951-edf8-8614-19967de5ded9" testId="7534bf9d-4548-5d03-c351-982ebf37a429" testName="PhantomJS 2.1.1 (Windows 8 0.0.0)_SearchOptionsComponent should create" computerName="QJ07307976" duration="00:00:00.688" startTime="2017-09-14T22:57:39" endTime="2017-09-14T22:57:39" testType="13cdc9d9-ddb5-4fa4-a97d-d965ccfc6d4b" outcome="Passed" testListId="8c84fa94-04c1-424b-9868-57a2d4851a1d"/>
  </Results>
</TestRun>
